{
  "stats": {
    "suites": 1,
    "tests": 1,
    "passes": 0,
    "pending": 0,
    "failures": 1,
    "start": "2025-11-06T06:07:50.349Z",
    "end": "2025-11-06T06:08:38.716Z",
    "duration": 48367,
    "testsRegistered": 1,
    "passPercent": 0,
    "pendingPercent": 0,
    "other": 0,
    "hasOther": false,
    "skipped": 0,
    "hasSkipped": false
  },
  "results": [
    {
      "uuid": "d6976071-83e6-40da-8955-08f4c3f0b461",
      "title": "",
      "fullFile": "cypress\\e2e\\tests\\orderSimsTest.cy.js",
      "file": "cypress\\e2e\\tests\\orderSimsTest.cy.js",
      "beforeHooks": [],
      "afterHooks": [],
      "tests": [],
      "suites": [
        {
          "uuid": "d1445264-59a4-4f20-8aa2-94280f2d023d",
          "title": "Order Sims - Bulk SIM Ordering",
          "fullFile": "",
          "file": "",
          "beforeHooks": [],
          "afterHooks": [],
          "tests": [
            {
              "title": "should successfully place a bulk SIM order",
              "fullTitle": "Order Sims - Bulk SIM Ordering should successfully place a bulk SIM order",
              "timedOut": null,
              "duration": 48324,
              "state": "failed",
              "speed": null,
              "pass": false,
              "fail": true,
              "pending": false,
              "context": "[\n  {\n    \"title\": \"cypress-mochawesome-reporter-videos-failed\",\n    \"value\": \"cypress\\\\e2e\\\\tests\\\\orderSimsTest.cy.js\"\n  },\n  {\n    \"title\": \"cypress-mochawesome-reporter-screenshots\",\n    \"value\": [\n      [\n        \"\\\\orderSimsTest.cy.js\\\\Order Sims - Bulk SIM Ordering -- should successfully place a bulk SIM order (failed).png\"\n      ]\n    ]\n  }\n]",
              "code": "// Step 1: Login\n_loginPage.default.visit();\n_loginPage.default.enterEmail(testData.validUser.email);\n_loginPage.default.enterPassword(testData.validUser.password);\n_loginPage.default.showPassword();\n_loginPage.default.clickSignIn();\n// Wait until dashboard visible\ncy.contains('Order History', {\n  timeout: 20000\n}).should('be.visible');\n// Step 2: Go to Order Sims page\n_orderSimsPage.default.visit();\ncy.url().should('include', '/order-sims');\n// Step 3: Fill order details\n_orderSimsPage.default.enterRetailStoreName(testData.orderSims.storeName);\n_orderSimsPage.default.enterDeliveryAddress(testData.orderSims.deliveryAddress);\n_orderSimsPage.default.enterNumberOfSims(testData.orderSims.sims);\n_orderSimsPage.default.enterMessage(testData.orderSims.message);\n// Step 4: Submit order\n_orderSimsPage.default.clickOrderSims();\ncy.wait(5000); // wait for 5 seconds for popup to appear\n// Step 5: Handle popup\n_orderSimsPage.default.verifyOrderPopupAndClose();\n// Step 6: Navigate to order history\n_orderSimsPage.default.goToOrderHistory();\n// Step 7: Verify order appears\n_orderSimsPage.default.verifyOrderInHistory(testData.orderSims.storeName, testData.orderSims.sims, testData.orderSims.status);",
              "err": {
                "message": "Error: Timed out retrying after 30000ms: Modal not visible yet",
                "estack": "Error: Timed out retrying after 30000ms: Modal not visible yet\n    at Context.eval (webpack://cypress_mocha_framework/./cypress/e2e/pages/orderSimsPage.js:113:20)\n    at <unknown> (https://retail-staging.48.ie/__cypress/runner/cypress_runner.js:121664:17)\n    at tryCatcher (https://retail-staging.48.ie/__cypress/runner/cypress_runner.js:1777:23)\n    at Promise.attempt.Promise.try (https://retail-staging.48.ie/__cypress/runner/cypress_runner.js:4285:29)\n    at Context.shouldFnWithCallback (https://retail-staging.48.ie/__cypress/runner/cypress_runner.js:121661:66)\n    at Context.shouldFn (https://retail-staging.48.ie/__cypress/runner/cypress_runner.js:121704:37)\n    at Context.should (https://retail-staging.48.ie/__cypress/runner/cypress_runner.js:121823:23)\n    at <unknown> (https://retail-staging.48.ie/__cypress/runner/cypress_runner.js:150511:39)\n    at assertions (https://retail-staging.48.ie/__cypress/runner/cypress_runner.js:150759:16)\n    at tryCatcher (https://retail-staging.48.ie/__cypress/runner/cypress_runner.js:1777:23)",
                "diff": null
              },
              "uuid": "bb72d829-a718-4816-897b-bb3c393ce823",
              "parentUUID": "d1445264-59a4-4f20-8aa2-94280f2d023d",
              "isHook": false,
              "skipped": false
            }
          ],
          "suites": [],
          "passes": [],
          "failures": [
            "bb72d829-a718-4816-897b-bb3c393ce823"
          ],
          "pending": [],
          "skipped": [],
          "duration": 48324,
          "root": false,
          "rootEmpty": false,
          "_timeout": 2000
        }
      ],
      "passes": [],
      "failures": [],
      "pending": [],
      "skipped": [],
      "duration": 0,
      "root": true,
      "rootEmpty": true,
      "_timeout": 2000
    }
  ],
  "meta": {
    "mocha": {
      "version": "7.2.0"
    },
    "mochawesome": {
      "options": {
        "quiet": false,
        "reportFilename": "mochawesome",
        "saveHtml": false,
        "saveJson": true,
        "consoleReporter": "spec",
        "useInlineDiffs": false,
        "code": true
      },
      "version": "7.1.4"
    },
    "marge": {
      "options": {
        "reportDir": "cypress/reports",
        "overwrite": true,
        "html": false,
        "json": true
      },
      "version": "6.3.0"
    }
  }
}