{
  "stats": {
    "suites": 1,
    "tests": 8,
    "passes": 8,
    "pending": 0,
    "failures": 0,
    "start": "2026-01-05T07:35:35.537Z",
    "end": "2026-01-05T07:36:12.305Z",
    "duration": 36768,
    "testsRegistered": 8,
    "passPercent": 100,
    "pendingPercent": 0,
    "other": 0,
    "hasOther": false,
    "skipped": 0,
    "hasSkipped": false
  },
  "results": [
    {
      "uuid": "76b1661f-5360-4ab8-b42e-ddf4e7d00656",
      "title": "",
      "fullFile": "cypress\\e2e\\tests\\orderHistoryTest.cy.js",
      "file": "cypress\\e2e\\tests\\orderHistoryTest.cy.js",
      "beforeHooks": [],
      "afterHooks": [],
      "tests": [],
      "suites": [
        {
          "uuid": "aaf80d88-37e2-4c11-ba56-472daef9a6a8",
          "title": "🧩 Order History Module - Functional Test Suite",
          "fullFile": "",
          "file": "",
          "beforeHooks": [],
          "afterHooks": [],
          "tests": [
            {
              "title": "RSO_FT_22 – Verify navigation to Order History page",
              "fullTitle": "🧩 Order History Module - Functional Test Suite RSO_FT_22 – Verify navigation to Order History page",
              "timedOut": null,
              "duration": 3650,
              "state": "passed",
              "speed": "fast",
              "pass": true,
              "fail": false,
              "pending": false,
              "context": null,
              "code": "_orderHistoryPage.default.navigate();\ncy.url().should('include', '/order-history');\n_orderHistoryPage.default.elements.pageTitle().should('contain.text', 'Order History');\ncy.log('✅ User successfully navigated to the Order History page');",
              "err": {},
              "uuid": "45bef479-d9a1-4180-8886-cfe32f0b503c",
              "parentUUID": "aaf80d88-37e2-4c11-ba56-472daef9a6a8",
              "isHook": false,
              "skipped": false
            },
            {
              "title": "RSO_FT_23 – Verify page shows no order history when no data available",
              "fullTitle": "🧩 Order History Module - Functional Test Suite RSO_FT_23 – Verify page shows no order history when no data available",
              "timedOut": null,
              "duration": 3605,
              "state": "passed",
              "speed": "fast",
              "pass": true,
              "fail": false,
              "pending": false,
              "context": null,
              "code": "_orderHistoryPage.default.navigate();\ncy.wait(1000);\n_orderHistoryPage.default.elements.tableRows().then($rows => {\n  if ($rows.length === 0) {\n    cy.log('⚠️ No orders present for this user.');\n    _orderHistoryPage.default.elements.noDataMessage().should('exist');\n  } else {\n    cy.log('✅ User has existing order history; skipping empty state validation.');\n  }\n});",
              "err": {},
              "uuid": "c889e349-d781-4302-94f9-c9e55b9d4037",
              "parentUUID": "aaf80d88-37e2-4c11-ba56-472daef9a6a8",
              "isHook": false,
              "skipped": false
            },
            {
              "title": "RSO_FT_24 – Verify Order History table structure and contents",
              "fullTitle": "🧩 Order History Module - Functional Test Suite RSO_FT_24 – Verify Order History table structure and contents",
              "timedOut": null,
              "duration": 3846,
              "state": "passed",
              "speed": "fast",
              "pass": true,
              "fail": false,
              "pending": false,
              "context": null,
              "code": "_orderHistoryPage.default.navigate();\n_orderHistoryPage.default.verifyTableHeaders();\ncy.wait(1000);\n_orderHistoryPage.default.elements.tableRows().then($rows => {\n  if ($rows.length > 0) {\n    _orderHistoryPage.default.verifyOrderPresence();\n  } else {\n    cy.log('⚠️ No order data to validate.');\n  }\n});",
              "err": {},
              "uuid": "0148f46e-05f4-44c9-b26a-e0433ae559c7",
              "parentUUID": "aaf80d88-37e2-4c11-ba56-472daef9a6a8",
              "isHook": false,
              "skipped": false
            },
            {
              "title": "RSO_FT_25 – Verify Order Details popup when clicking ID",
              "fullTitle": "🧩 Order History Module - Functional Test Suite RSO_FT_25 – Verify Order Details popup when clicking ID",
              "timedOut": null,
              "duration": 3539,
              "state": "passed",
              "speed": "fast",
              "pass": true,
              "fail": false,
              "pending": false,
              "context": null,
              "code": "_orderHistoryPage.default.navigate();\ncy.wait(1000);\n_orderHistoryPage.default.elements.tableRows().then($rows => {\n  if ($rows.length > 0) {\n    _orderHistoryPage.default.openOrderDetailsPopup();\n  } else {\n    cy.log('⚠️ No order data to open popup.');\n  }\n});",
              "err": {},
              "uuid": "8f645694-4fe8-4a26-bf3e-1929583c9cf5",
              "parentUUID": "aaf80d88-37e2-4c11-ba56-472daef9a6a8",
              "isHook": false,
              "skipped": false
            },
            {
              "title": "RSO_FT_26 – Verify search by Order ID",
              "fullTitle": "🧩 Order History Module - Functional Test Suite RSO_FT_26 – Verify search by Order ID",
              "timedOut": null,
              "duration": 4861,
              "state": "passed",
              "speed": "fast",
              "pass": true,
              "fail": false,
              "pending": false,
              "context": null,
              "code": "_orderHistoryPage.default.navigate();\nconst orderId = testData.orderHistory.validOrder.id;\ncy.log(`🔍 Searching for Order ID: ${orderId}`);\n_orderHistoryPage.default.searchAndVerify(orderId);",
              "err": {},
              "uuid": "8f4789a5-a078-4244-8add-af5a21585259",
              "parentUUID": "aaf80d88-37e2-4c11-ba56-472daef9a6a8",
              "isHook": false,
              "skipped": false
            },
            {
              "title": "RSO_FT_27 – Verify search by Address",
              "fullTitle": "🧩 Order History Module - Functional Test Suite RSO_FT_27 – Verify search by Address",
              "timedOut": null,
              "duration": 3926,
              "state": "passed",
              "speed": "fast",
              "pass": true,
              "fail": false,
              "pending": false,
              "context": null,
              "code": "_orderHistoryPage.default.navigate();\nconst address = testData.orderHistory.validOrder.address;\ncy.log(`🔍 Searching for Address: ${address}`);\n_orderHistoryPage.default.searchAndVerify(address);",
              "err": {},
              "uuid": "7aea59a1-0b46-469e-9649-401293ab31f5",
              "parentUUID": "aaf80d88-37e2-4c11-ba56-472daef9a6a8",
              "isHook": false,
              "skipped": false
            },
            {
              "title": "RSO_FT_28 – Verify search by Store Name",
              "fullTitle": "🧩 Order History Module - Functional Test Suite RSO_FT_28 – Verify search by Store Name",
              "timedOut": null,
              "duration": 5378,
              "state": "passed",
              "speed": "medium",
              "pass": true,
              "fail": false,
              "pending": false,
              "context": null,
              "code": "_orderHistoryPage.default.navigate();\nconst storeName = testData.orderHistory.validOrder.storeName;\ncy.log(`🔍 Searching for Store Name: ${storeName}`);\n_orderHistoryPage.default.searchAndVerify(storeName);",
              "err": {},
              "uuid": "7ffdb2e9-f441-4996-8464-16729b019a1a",
              "parentUUID": "aaf80d88-37e2-4c11-ba56-472daef9a6a8",
              "isHook": false,
              "skipped": false
            },
            {
              "title": "RSO_FT_29 – Verify search by Date",
              "fullTitle": "🧩 Order History Module - Functional Test Suite RSO_FT_29 – Verify search by Date",
              "timedOut": null,
              "duration": 4997,
              "state": "passed",
              "speed": "fast",
              "pass": true,
              "fail": false,
              "pending": false,
              "context": null,
              "code": "_orderHistoryPage.default.navigate();\nconst date = testData.orderHistory.validOrder.date;\ncy.log(`🔍 Searching for Date: ${date}`);\n_orderHistoryPage.default.searchAndVerify(date);",
              "err": {},
              "uuid": "a35d91aa-c708-463f-99cd-93a6819f8227",
              "parentUUID": "aaf80d88-37e2-4c11-ba56-472daef9a6a8",
              "isHook": false,
              "skipped": false
            }
          ],
          "suites": [],
          "passes": [
            "45bef479-d9a1-4180-8886-cfe32f0b503c",
            "c889e349-d781-4302-94f9-c9e55b9d4037",
            "0148f46e-05f4-44c9-b26a-e0433ae559c7",
            "8f645694-4fe8-4a26-bf3e-1929583c9cf5",
            "8f4789a5-a078-4244-8add-af5a21585259",
            "7aea59a1-0b46-469e-9649-401293ab31f5",
            "7ffdb2e9-f441-4996-8464-16729b019a1a",
            "a35d91aa-c708-463f-99cd-93a6819f8227"
          ],
          "failures": [],
          "pending": [],
          "skipped": [],
          "duration": 33802,
          "root": false,
          "rootEmpty": false,
          "_timeout": 2000
        }
      ],
      "passes": [],
      "failures": [],
      "pending": [],
      "skipped": [],
      "duration": 0,
      "root": true,
      "rootEmpty": true,
      "_timeout": 2000
    }
  ],
  "meta": {
    "mocha": {
      "version": "7.0.1"
    },
    "mochawesome": {
      "options": {
        "quiet": false,
        "reportFilename": "mochawesome",
        "saveHtml": false,
        "saveJson": true,
        "consoleReporter": "spec",
        "useInlineDiffs": false,
        "code": true
      },
      "version": "7.1.4"
    },
    "marge": {
      "options": {
        "reportDir": "cypress/reports",
        "overwrite": false,
        "html": false,
        "json": true
      },
      "version": "6.3.2"
    }
  }
}