{
  "stats": {
    "suites": 1,
    "tests": 6,
    "passes": 5,
    "pending": 0,
    "failures": 1,
    "start": "2026-01-05T07:36:15.695Z",
    "end": "2026-01-05T07:37:10.016Z",
    "duration": 54321,
    "testsRegistered": 6,
    "passPercent": 83.33333333333334,
    "pendingPercent": 0,
    "other": 0,
    "hasOther": false,
    "skipped": 0,
    "hasSkipped": false
  },
  "results": [
    {
      "uuid": "be905abc-a9a5-4797-8cbe-5c01f1bcb93b",
      "title": "",
      "fullFile": "cypress\\e2e\\tests\\orderSimsTest.cy.js",
      "file": "cypress\\e2e\\tests\\orderSimsTest.cy.js",
      "beforeHooks": [],
      "afterHooks": [],
      "tests": [],
      "suites": [
        {
          "uuid": "01d5e095-1bd6-48d0-a272-de37a35e9fed",
          "title": "Order Sims Module - Functional Test Suite",
          "fullFile": "",
          "file": "",
          "beforeHooks": [],
          "afterHooks": [],
          "tests": [
            {
              "title": "RSO_FT_14 – Verify navigation to Order Sims page after sign in",
              "fullTitle": "Order Sims Module - Functional Test Suite RSO_FT_14 – Verify navigation to Order Sims page after sign in",
              "timedOut": null,
              "duration": 3567,
              "state": "passed",
              "speed": "fast",
              "pass": true,
              "fail": false,
              "pending": false,
              "context": null,
              "code": "cy.log('🧭 Navigating to Order Sims page...');\n_orderSimsPage.default.visit();\ncy.url().should('include', '/order-sims');\ncy.contains('Order SIMs').should('be.visible');\ncy.log('✅ User successfully navigated to Order Sims page after login');",
              "err": {},
              "uuid": "5f958ce5-4a8e-4d70-a488-3200aa7511cc",
              "parentUUID": "01d5e095-1bd6-48d0-a272-de37a35e9fed",
              "isHook": false,
              "skipped": false
            },
            {
              "title": "RSO_FT_15 – Verify placing a valid bulk SIM order (<999)",
              "fullTitle": "Order Sims Module - Functional Test Suite RSO_FT_15 – Verify placing a valid bulk SIM order (<999)",
              "timedOut": null,
              "duration": 10076,
              "state": "passed",
              "speed": "slow",
              "pass": true,
              "fail": false,
              "pending": false,
              "context": null,
              "code": "_orderSimsPage.default.visit();\n_orderSimsPage.default.enterRetailStoreName(testData.orderSims.storeName);\n_orderSimsPage.default.enterDeliveryAddress(testData.orderSims.deliveryAddress);\n_orderSimsPage.default.enterNumberOfSims(testData.orderSims.sims); // e.g. 100\n_orderSimsPage.default.enterMessage(testData.orderSims.message);\n_orderSimsPage.default.clickOrderSims();\n_orderSimsPage.default.verifyOrderPopupAndClose();\ncy.get('#orderModal', {\n  timeout: 10000\n}).should('not.exist');\ncy.log('✅ Bulk SIM order placed successfully');",
              "err": {},
              "uuid": "08c891e4-eb05-4c26-8fd3-f6a05be29370",
              "parentUUID": "01d5e095-1bd6-48d0-a272-de37a35e9fed",
              "isHook": false,
              "skipped": false
            },
            {
              "title": "RSO_FT_16 – Verify placing bulk SIM order of 999",
              "fullTitle": "Order Sims Module - Functional Test Suite RSO_FT_16 – Verify placing bulk SIM order of 999",
              "timedOut": null,
              "duration": 9456,
              "state": "passed",
              "speed": "medium",
              "pass": true,
              "fail": false,
              "pending": false,
              "context": null,
              "code": "_orderSimsPage.default.visit();\n_orderSimsPage.default.enterRetailStoreName(testData.orderSims.storeName);\n_orderSimsPage.default.enterDeliveryAddress(testData.orderSims.deliveryAddress);\n_orderSimsPage.default.enterNumberOfSims(500);\n_orderSimsPage.default.enterMessage('Placing max allowed 500 SIMs');\n_orderSimsPage.default.clickOrderSims();\n_orderSimsPage.default.verifyOrderPopupAndClose();\ncy.get('#orderModal', {\n  timeout: 10000\n}).should('not.exist');\ncy.log('✅ Order for 999 SIMs placed successfully');",
              "err": {},
              "uuid": "3bd84699-7429-4952-a3a6-77cfc77e2408",
              "parentUUID": "01d5e095-1bd6-48d0-a272-de37a35e9fed",
              "isHook": false,
              "skipped": false
            },
            {
              "title": "RSO_FT_17 – Verify error message for SIM order >999",
              "fullTitle": "Order Sims Module - Functional Test Suite RSO_FT_17 – Verify error message for SIM order >999",
              "timedOut": null,
              "duration": 6958,
              "state": "passed",
              "speed": "medium",
              "pass": true,
              "fail": false,
              "pending": false,
              "context": null,
              "code": "_orderSimsPage.default.visit();\n_orderSimsPage.default.enterRetailStoreName(testData.orderSims.storeName);\n_orderSimsPage.default.enterDeliveryAddress(testData.orderSims.deliveryAddress);\n_orderSimsPage.default.enterNumberOfSims(1000); // trigger max-limit validation\n_orderSimsPage.default.elements.numberOfSimsInput().blur(); // ✅ FIXED\n_orderSimsPage.default.verifySimValidationMessage('must be at most 999');",
              "err": {},
              "uuid": "799884b4-2641-40e1-ae48-c30bb27f16b9",
              "parentUUID": "01d5e095-1bd6-48d0-a272-de37a35e9fed",
              "isHook": false,
              "skipped": false
            },
            {
              "title": "RSO_FT_19 – Validation for invalid and blank values in Number of SIMs field",
              "fullTitle": "Order Sims Module - Functional Test Suite RSO_FT_19 – Validation for invalid and blank values in Number of SIMs field",
              "timedOut": null,
              "duration": 18946,
              "state": "passed",
              "speed": "slow",
              "pass": true,
              "fail": false,
              "pending": false,
              "context": null,
              "code": "const invalidValues = [{\n  input: '',\n  expected: 'Number of sims is required'\n},\n// use '' instead of null/space\n{\n  input: ' ',\n  expected: 'must be a number'\n}, {\n  input: '@@@',\n  expected: 'must be a number'\n}, {\n  input: 'abc',\n  expected: 'must be a number'\n}, {\n  input: '50xyz',\n  expected: 'must be a number'\n}];\ninvalidValues.forEach(({\n  input,\n  expected\n}) => {\n  _orderSimsPage.default.visit();\n  cy.log(`🧪 Testing invalid SIM count: \"${input}\" expecting: \"${expected}\"`);\n  _orderSimsPage.default.enterRetailStoreName(testData.orderSims.storeName);\n  _orderSimsPage.default.enterDeliveryAddress(testData.orderSims.deliveryAddress);\n  // Clear field before typing\n  _orderSimsPage.default.elements.numberOfSimsInput().clear();\n  if (input) {\n    _orderSimsPage.default.enterNumberOfSims(input);\n  }\n  // Explicitly trigger blur event\n  _orderSimsPage.default.elements.numberOfSimsInput().blur();\n  // Optionally, click somewhere else to confirm Angular validation renders\n  _orderSimsPage.default.elements.messageInput().click({\n    force: true\n  });\n  // Now verify the validation message\n  _orderSimsPage.default.verifySimValidationMessage(expected);\n});",
              "err": {},
              "uuid": "2c277a62-9cf7-4185-b2af-1b14b4c09da1",
              "parentUUID": "01d5e095-1bd6-48d0-a272-de37a35e9fed",
              "isHook": false,
              "skipped": false
            },
            {
              "title": "RSO_FT_18 – Verify placed order appears in Order History (from latest valid order)",
              "fullTitle": "Order Sims Module - Functional Test Suite RSO_FT_18 – Verify placed order appears in Order History (from latest valid order)",
              "timedOut": null,
              "duration": 2787,
              "state": "failed",
              "speed": null,
              "pass": false,
              "fail": true,
              "pending": false,
              "context": null,
              "code": "_orderSimsPage.default.goToOrderHistory();\ncy.url().should('include', '/order-history');\n_orderSimsPage.default.verifyOrderInHistory(testData.orderSims.storeName, testData.orderSims.sims, testData.orderSims.status);\ncy.log('✅ Verified latest order present in Order History');",
              "err": {
                "message": "CypressError: `cy.click()` can only be called on a single element. Your subject contained 2 elements. Pass `{ multiple: true }` if you want to serially click each element.\n\nhttps://on.cypress.io/click",
                "estack": "CypressError: `cy.click()` can only be called on a single element. Your subject contained 2 elements. Pass `{ multiple: true }` if you want to serially click each element.\n\nhttps://on.cypress.io/click\n    at mouseAction (https://retail-staging.48.ie/__cypress/runner/cypress_runner.js:112508:68)\n    at Context.click (https://retail-staging.48.ie/__cypress/runner/cypress_runner.js:112675:14)\n    at wrapped (https://retail-staging.48.ie/__cypress/runner/cypress_runner.js:138092:19)\nFrom Your Spec Code:\n    at OrderSimsPage.goToOrderHistory (webpack://cypress_mocha_framework/./cypress/e2e/pages/orderSimsPage.js:145:7)\n    at Context.eval (webpack://cypress_mocha_framework/./cypress/e2e/tests/orderSimsTest.cy.js:118:18)",
                "diff": null
              },
              "uuid": "ef6f50dc-00c9-42de-9119-906d104b7ccf",
              "parentUUID": "01d5e095-1bd6-48d0-a272-de37a35e9fed",
              "isHook": false,
              "skipped": false
            }
          ],
          "suites": [],
          "passes": [
            "5f958ce5-4a8e-4d70-a488-3200aa7511cc",
            "08c891e4-eb05-4c26-8fd3-f6a05be29370",
            "3bd84699-7429-4952-a3a6-77cfc77e2408",
            "799884b4-2641-40e1-ae48-c30bb27f16b9",
            "2c277a62-9cf7-4185-b2af-1b14b4c09da1"
          ],
          "failures": [
            "ef6f50dc-00c9-42de-9119-906d104b7ccf"
          ],
          "pending": [],
          "skipped": [],
          "duration": 51790,
          "root": false,
          "rootEmpty": false,
          "_timeout": 2000
        }
      ],
      "passes": [],
      "failures": [],
      "pending": [],
      "skipped": [],
      "duration": 0,
      "root": true,
      "rootEmpty": true,
      "_timeout": 2000
    }
  ],
  "meta": {
    "mocha": {
      "version": "7.0.1"
    },
    "mochawesome": {
      "options": {
        "quiet": false,
        "reportFilename": "mochawesome",
        "saveHtml": false,
        "saveJson": true,
        "consoleReporter": "spec",
        "useInlineDiffs": false,
        "code": true
      },
      "version": "7.1.4"
    },
    "marge": {
      "options": {
        "reportDir": "cypress/reports",
        "overwrite": false,
        "html": false,
        "json": true
      },
      "version": "6.3.2"
    }
  }
}