{
  "stats": {
    "suites": 1,
    "tests": 2,
    "passes": 0,
    "pending": 0,
    "failures": 2,
    "start": "2025-10-28T09:17:52.409Z",
    "end": "2025-10-28T09:18:11.503Z",
    "duration": 19094,
    "testsRegistered": 2,
    "passPercent": 0,
    "pendingPercent": 0,
    "other": 0,
    "hasOther": false,
    "skipped": 0,
    "hasSkipped": false
  },
  "results": [
    {
      "uuid": "4f5deb04-1daf-4f25-9c8c-da35aba9fd1b",
      "title": "",
      "fullFile": "cypress\\e2e\\tests\\loginTest.cy.js",
      "file": "cypress\\e2e\\tests\\loginTest.cy.js",
      "beforeHooks": [],
      "afterHooks": [],
      "tests": [],
      "suites": [
        {
          "uuid": "f266ea06-5569-4407-b6b9-9e829484e111",
          "title": "Login Tests - Retail",
          "fullFile": "",
          "file": "",
          "beforeHooks": [],
          "afterHooks": [],
          "tests": [
            {
              "title": "Login with valid credentials",
              "fullTitle": "Login Tests - Retail Login with valid credentials",
              "timedOut": null,
              "duration": 14547,
              "state": "failed",
              "speed": null,
              "pass": false,
              "fail": true,
              "pending": false,
              "context": "[\n  {\n    \"title\": \"cypress-mochawesome-reporter-videos-failed\",\n    \"value\": \"cypress\\\\e2e\\\\tests\\\\loginTest.cy.js\"\n  },\n  {\n    \"title\": \"cypress-mochawesome-reporter-screenshots\",\n    \"value\": [\n      [\n        \"\\\\loginTest.cy.js\\\\Login Tests - Retail -- Login with valid credentials (failed).png\"\n      ]\n    ]\n  }\n]",
              "code": "_loginPage.default.visit();\ncy.wait(5000); // wait for 2 seconds\n_loginPage.default.enterEmail(this.data.validUser.email);\n_loginPage.default.enterPassword(this.data.validUser.password);\n_loginPage.default.clickSignIn();\ncy.wait(70000);\n_loginPage.default.assertDashboardVisible();",
              "err": {
                "message": "AssertionError: Timed out retrying after 4000ms: Expected to find element: `input[name=\"email\"]`, but never found it.",
                "estack": "AssertionError: Timed out retrying after 4000ms: Expected to find element: `input[name=\"email\"]`, but never found it.\n    at Object.emailInput (webpack://cypress_mocha_framework/./cypress/e2e/pages/loginPage.js:3:27)\n    at LoginPage.enterEmail (webpack://cypress_mocha_framework/./cypress/e2e/pages/loginPage.js:14:20)\n    at Context.eval (webpack://cypress_mocha_framework/./cypress/e2e/tests/loginTest.cy.js:12:14)",
                "diff": null
              },
              "uuid": "5199de88-3a47-43ad-9fcf-c9b105af8c64",
              "parentUUID": "f266ea06-5569-4407-b6b9-9e829484e111",
              "isHook": false,
              "skipped": false
            },
            {
              "title": "Login fails with invalid credentials",
              "fullTitle": "Login Tests - Retail Login fails with invalid credentials",
              "timedOut": null,
              "duration": 4476,
              "state": "failed",
              "speed": null,
              "pass": false,
              "fail": true,
              "pending": false,
              "context": "[\n  {\n    \"title\": \"cypress-mochawesome-reporter-videos-failed\",\n    \"value\": \"cypress\\\\e2e\\\\tests\\\\loginTest.cy.js\"\n  },\n  {\n    \"title\": \"cypress-mochawesome-reporter-screenshots\",\n    \"value\": [\n      [\n        \"\\\\loginTest.cy.js\\\\Login Tests - Retail -- Login fails with invalid credentials (failed).png\"\n      ]\n    ]\n  }\n]",
              "code": "_loginPage.default.visit();\n_loginPage.default.enterEmail(this.data.invalidUser.email);\n_loginPage.default.enterPassword(this.data.invalidUser.password);\n_loginPage.default.clickSignIn();\ncy.contains('Invalid credentials').should('be.visible');",
              "err": {
                "message": "AssertionError: Timed out retrying after 4000ms: Expected to find element: `input[name=\"email\"]`, but never found it.",
                "estack": "AssertionError: Timed out retrying after 4000ms: Expected to find element: `input[name=\"email\"]`, but never found it.\n    at Object.emailInput (webpack://cypress_mocha_framework/./cypress/e2e/pages/loginPage.js:3:27)\n    at LoginPage.enterEmail (webpack://cypress_mocha_framework/./cypress/e2e/pages/loginPage.js:14:20)\n    at Context.eval (webpack://cypress_mocha_framework/./cypress/e2e/tests/loginTest.cy.js:21:14)",
                "diff": null
              },
              "uuid": "66356d94-92fa-4e6a-aca9-c029b3ae2061",
              "parentUUID": "f266ea06-5569-4407-b6b9-9e829484e111",
              "isHook": false,
              "skipped": false
            }
          ],
          "suites": [],
          "passes": [],
          "failures": [
            "5199de88-3a47-43ad-9fcf-c9b105af8c64",
            "66356d94-92fa-4e6a-aca9-c029b3ae2061"
          ],
          "pending": [],
          "skipped": [],
          "duration": 19023,
          "root": false,
          "rootEmpty": false,
          "_timeout": 2000
        }
      ],
      "passes": [],
      "failures": [],
      "pending": [],
      "skipped": [],
      "duration": 0,
      "root": true,
      "rootEmpty": true,
      "_timeout": 2000
    }
  ],
  "meta": {
    "mocha": {
      "version": "7.2.0"
    },
    "mochawesome": {
      "options": {
        "quiet": false,
        "reportFilename": "mochawesome",
        "saveHtml": false,
        "saveJson": true,
        "consoleReporter": "spec",
        "useInlineDiffs": false,
        "code": true
      },
      "version": "7.1.4"
    },
    "marge": {
      "options": {
        "reportDir": "cypress/reports",
        "overwrite": false,
        "html": false,
        "json": true
      },
      "version": "6.3.0"
    }
  }
}