{
  "stats": {
    "suites": 1,
    "tests": 4,
    "passes": 0,
    "pending": 0,
    "failures": 4,
    "start": "2026-01-05T05:48:17.447Z",
    "end": "2026-01-05T05:48:19.245Z",
    "duration": 1798,
    "testsRegistered": 4,
    "passPercent": 0,
    "pendingPercent": 0,
    "other": 0,
    "hasOther": false,
    "skipped": 0,
    "hasSkipped": false
  },
  "results": [
    {
      "uuid": "10023ea4-a299-483d-a12b-de973767e7aa",
      "title": "",
      "fullFile": "cypress\\e2e\\tests\\loginTest.cy.js",
      "file": "cypress\\e2e\\tests\\loginTest.cy.js",
      "beforeHooks": [],
      "afterHooks": [],
      "tests": [],
      "suites": [
        {
          "uuid": "3316cf3b-214e-4638-a65f-de2868a67bd1",
          "title": "Login Tests - Retail",
          "fullFile": "",
          "file": "",
          "beforeHooks": [],
          "afterHooks": [],
          "tests": [
            {
              "title": "Login with valid credentials",
              "fullTitle": "Login Tests - Retail Login with valid credentials",
              "timedOut": null,
              "duration": 636,
              "state": "failed",
              "speed": null,
              "pass": false,
              "fail": true,
              "pending": false,
              "context": null,
              "code": "_loginPage.default.visit();\ncy.wait(5000); // wait for 2 seconds\n_loginPage.default.enterEmail(this.data.validUser.email);\n_loginPage.default.enterPassword(this.data.validUser.password);\n_loginPage.default.showPassword();\n_loginPage.default.clickSignIn();\ncy.wait(10000);\ncy.contains('Order History').should('be.visible');",
              "err": {
                "message": "CypressError: `cy.visit()` failed trying to load:\n\n/login\n\nWe failed looking for this file at the path:\n\n/48 Code/Cypress_Mocha_Framework/login\n\nThe internal Cypress web server responded with:\n\n  > 404: Not Found",
                "estack": "CypressError: `cy.visit()` failed trying to load:\n\n/login\n\nWe failed looking for this file at the path:\n\n/48 Code/Cypress_Mocha_Framework/login\n\nThe internal Cypress web server responded with:\n\n  > 404: Not Found\n    at <unknown> (http://localhost:55973/__cypress/runner/cypress_runner.js:131591:76)\n    at visitFailedByErr (http://localhost:55973/__cypress/runner/cypress_runner.js:131006:12)\n    at <unknown> (http://localhost:55973/__cypress/runner/cypress_runner.js:131574:13)\n    at tryCatcher (http://localhost:55973/__cypress/runner/cypress_runner.js:1830:23)\n    at Promise._settlePromiseFromHandler (http://localhost:55973/__cypress/runner/cypress_runner.js:1542:31)\n    at Promise._settlePromise (http://localhost:55973/__cypress/runner/cypress_runner.js:1599:18)\n    at Promise._settlePromise0 (http://localhost:55973/__cypress/runner/cypress_runner.js:1644:10)\n    at Promise._settlePromises (http://localhost:55973/__cypress/runner/cypress_runner.js:1720:18)\n    at _drainQueueStep (http://localhost:55973/__cypress/runner/cypress_runner.js:2430:12)\n    at _drainQueue (http://localhost:55973/__cypress/runner/cypress_runner.js:2423:9)\n    at Async._drainQueues (http://localhost:55973/__cypress/runner/cypress_runner.js:2439:5)\n    at Async.drainQueues (http://localhost:55973/__cypress/runner/cypress_runner.js:2309:14)\nFrom Your Spec Code:\n    at LoginPage.visit (webpack://cypress_mocha_framework/./cypress/e2e/pages/loginPage.js:11:9)\n    at Context.eval (webpack://cypress_mocha_framework/./cypress/e2e/tests/loginTest.cy.js:10:14)",
                "diff": null
              },
              "uuid": "daf2b023-14b5-42fc-9f47-c3ab0b3b36d2",
              "parentUUID": "3316cf3b-214e-4638-a65f-de2868a67bd1",
              "isHook": false,
              "skipped": false
            },
            {
              "title": "Login fails with invalid credentials",
              "fullTitle": "Login Tests - Retail Login fails with invalid credentials",
              "timedOut": null,
              "duration": 430,
              "state": "failed",
              "speed": null,
              "pass": false,
              "fail": true,
              "pending": false,
              "context": null,
              "code": "_loginPage.default.visit();\ncy.wait(5000); // wait for 5 seconds\n_loginPage.default.enterEmail(this.data.invalidUser.email);\n_loginPage.default.enterPassword(this.data.invalidUser.password);\n_loginPage.default.showPassword();\n_loginPage.default.clickSignIn();\ncy.contains('Invalid credentials. Please try again.').should('be.visible');",
              "err": {
                "message": "CypressError: `cy.visit()` failed trying to load:\n\n/login\n\nWe failed looking for this file at the path:\n\n/48 Code/Cypress_Mocha_Framework/login\n\nThe internal Cypress web server responded with:\n\n  > 404: Not Found",
                "estack": "CypressError: `cy.visit()` failed trying to load:\n\n/login\n\nWe failed looking for this file at the path:\n\n/48 Code/Cypress_Mocha_Framework/login\n\nThe internal Cypress web server responded with:\n\n  > 404: Not Found\n    at <unknown> (http://localhost:55973/__cypress/runner/cypress_runner.js:131591:76)\n    at visitFailedByErr (http://localhost:55973/__cypress/runner/cypress_runner.js:131006:12)\n    at <unknown> (http://localhost:55973/__cypress/runner/cypress_runner.js:131574:13)\n    at tryCatcher (http://localhost:55973/__cypress/runner/cypress_runner.js:1830:23)\n    at Promise._settlePromiseFromHandler (http://localhost:55973/__cypress/runner/cypress_runner.js:1542:31)\n    at Promise._settlePromise (http://localhost:55973/__cypress/runner/cypress_runner.js:1599:18)\n    at Promise._settlePromise0 (http://localhost:55973/__cypress/runner/cypress_runner.js:1644:10)\n    at Promise._settlePromises (http://localhost:55973/__cypress/runner/cypress_runner.js:1720:18)\n    at _drainQueueStep (http://localhost:55973/__cypress/runner/cypress_runner.js:2430:12)\n    at _drainQueue (http://localhost:55973/__cypress/runner/cypress_runner.js:2423:9)\n    at Async._drainQueues (http://localhost:55973/__cypress/runner/cypress_runner.js:2439:5)\n    at Async.drainQueues (http://localhost:55973/__cypress/runner/cypress_runner.js:2309:14)\nFrom Your Spec Code:\n    at LoginPage.visit (webpack://cypress_mocha_framework/./cypress/e2e/pages/loginPage.js:11:9)\n    at Context.eval (webpack://cypress_mocha_framework/./cypress/e2e/tests/loginTest.cy.js:21:14)",
                "diff": null
              },
              "uuid": "7441c06e-82ae-4efd-8e3e-c061a8b4d69f",
              "parentUUID": "3316cf3b-214e-4638-a65f-de2868a67bd1",
              "isHook": false,
              "skipped": false
            },
            {
              "title": "Login fails with empty email",
              "fullTitle": "Login Tests - Retail Login fails with empty email",
              "timedOut": null,
              "duration": 261,
              "state": "failed",
              "speed": null,
              "pass": false,
              "fail": true,
              "pending": false,
              "context": null,
              "code": "_loginPage.default.visit();\ncy.wait(5000); // wait for 5 seconds\n_loginPage.default.enterEmail(this.data.emptyEmail.email);\n_loginPage.default.enterPassword(this.data.emptyEmail.password);\n_loginPage.default.clickSignIn();\ncy.contains('Email is required').should('be.visible');",
              "err": {
                "message": "CypressError: `cy.visit()` failed trying to load:\n\n/login\n\nWe failed looking for this file at the path:\n\n/48 Code/Cypress_Mocha_Framework/login\n\nThe internal Cypress web server responded with:\n\n  > 404: Not Found",
                "estack": "CypressError: `cy.visit()` failed trying to load:\n\n/login\n\nWe failed looking for this file at the path:\n\n/48 Code/Cypress_Mocha_Framework/login\n\nThe internal Cypress web server responded with:\n\n  > 404: Not Found\n    at <unknown> (http://localhost:55973/__cypress/runner/cypress_runner.js:131591:76)\n    at visitFailedByErr (http://localhost:55973/__cypress/runner/cypress_runner.js:131006:12)\n    at <unknown> (http://localhost:55973/__cypress/runner/cypress_runner.js:131574:13)\n    at tryCatcher (http://localhost:55973/__cypress/runner/cypress_runner.js:1830:23)\n    at Promise._settlePromiseFromHandler (http://localhost:55973/__cypress/runner/cypress_runner.js:1542:31)\n    at Promise._settlePromise (http://localhost:55973/__cypress/runner/cypress_runner.js:1599:18)\n    at Promise._settlePromise0 (http://localhost:55973/__cypress/runner/cypress_runner.js:1644:10)\n    at Promise._settlePromises (http://localhost:55973/__cypress/runner/cypress_runner.js:1720:18)\n    at _drainQueueStep (http://localhost:55973/__cypress/runner/cypress_runner.js:2430:12)\n    at _drainQueue (http://localhost:55973/__cypress/runner/cypress_runner.js:2423:9)\n    at Async._drainQueues (http://localhost:55973/__cypress/runner/cypress_runner.js:2439:5)\n    at Async.drainQueues (http://localhost:55973/__cypress/runner/cypress_runner.js:2309:14)\nFrom Your Spec Code:\n    at LoginPage.visit (webpack://cypress_mocha_framework/./cypress/e2e/pages/loginPage.js:11:9)\n    at Context.eval (webpack://cypress_mocha_framework/./cypress/e2e/tests/loginTest.cy.js:31:14)",
                "diff": null
              },
              "uuid": "69f7c37b-70f3-49ed-a6c8-74af002d9d3f",
              "parentUUID": "3316cf3b-214e-4638-a65f-de2868a67bd1",
              "isHook": false,
              "skipped": false
            },
            {
              "title": "Login fails with empty password",
              "fullTitle": "Login Tests - Retail Login fails with empty password",
              "timedOut": null,
              "duration": 230,
              "state": "failed",
              "speed": null,
              "pass": false,
              "fail": true,
              "pending": false,
              "context": null,
              "code": "_loginPage.default.visit();\ncy.wait(5000); // wait for 5 seconds\n_loginPage.default.enterEmail(this.data.emptyPassword.email);\n_loginPage.default.enterPassword(this.data.emptyPassword.password);\n_loginPage.default.clickSignIn();\ncy.contains('Password is required').should('be.visible');",
              "err": {
                "message": "CypressError: `cy.visit()` failed trying to load:\n\n/login\n\nWe failed looking for this file at the path:\n\n/48 Code/Cypress_Mocha_Framework/login\n\nThe internal Cypress web server responded with:\n\n  > 404: Not Found",
                "estack": "CypressError: `cy.visit()` failed trying to load:\n\n/login\n\nWe failed looking for this file at the path:\n\n/48 Code/Cypress_Mocha_Framework/login\n\nThe internal Cypress web server responded with:\n\n  > 404: Not Found\n    at <unknown> (http://localhost:55973/__cypress/runner/cypress_runner.js:131591:76)\n    at visitFailedByErr (http://localhost:55973/__cypress/runner/cypress_runner.js:131006:12)\n    at <unknown> (http://localhost:55973/__cypress/runner/cypress_runner.js:131574:13)\n    at tryCatcher (http://localhost:55973/__cypress/runner/cypress_runner.js:1830:23)\n    at Promise._settlePromiseFromHandler (http://localhost:55973/__cypress/runner/cypress_runner.js:1542:31)\n    at Promise._settlePromise (http://localhost:55973/__cypress/runner/cypress_runner.js:1599:18)\n    at Promise._settlePromise0 (http://localhost:55973/__cypress/runner/cypress_runner.js:1644:10)\n    at Promise._settlePromises (http://localhost:55973/__cypress/runner/cypress_runner.js:1720:18)\n    at _drainQueueStep (http://localhost:55973/__cypress/runner/cypress_runner.js:2430:12)\n    at _drainQueue (http://localhost:55973/__cypress/runner/cypress_runner.js:2423:9)\n    at Async._drainQueues (http://localhost:55973/__cypress/runner/cypress_runner.js:2439:5)\n    at Async.drainQueues (http://localhost:55973/__cypress/runner/cypress_runner.js:2309:14)\nFrom Your Spec Code:\n    at LoginPage.visit (webpack://cypress_mocha_framework/./cypress/e2e/pages/loginPage.js:11:9)\n    at Context.eval (webpack://cypress_mocha_framework/./cypress/e2e/tests/loginTest.cy.js:40:16)",
                "diff": null
              },
              "uuid": "cbc6f937-0af0-4fc0-8b94-f54490400eaa",
              "parentUUID": "3316cf3b-214e-4638-a65f-de2868a67bd1",
              "isHook": false,
              "skipped": false
            }
          ],
          "suites": [],
          "passes": [],
          "failures": [
            "daf2b023-14b5-42fc-9f47-c3ab0b3b36d2",
            "7441c06e-82ae-4efd-8e3e-c061a8b4d69f",
            "69f7c37b-70f3-49ed-a6c8-74af002d9d3f",
            "cbc6f937-0af0-4fc0-8b94-f54490400eaa"
          ],
          "pending": [],
          "skipped": [],
          "duration": 1557,
          "root": false,
          "rootEmpty": false,
          "_timeout": 2000
        }
      ],
      "passes": [],
      "failures": [],
      "pending": [],
      "skipped": [],
      "duration": 0,
      "root": true,
      "rootEmpty": true,
      "_timeout": 2000
    }
  ],
  "meta": {
    "mocha": {
      "version": "7.0.1"
    },
    "mochawesome": {
      "options": {
        "quiet": false,
        "reportFilename": "mochawesome",
        "saveHtml": false,
        "saveJson": true,
        "consoleReporter": "spec",
        "useInlineDiffs": false,
        "code": true
      },
      "version": "7.1.4"
    },
    "marge": {
      "options": {
        "reportDir": "cypress/reports",
        "overwrite": false,
        "html": false,
        "json": true
      },
      "version": "6.3.2"
    }
  }
}