{
  "stats": {
    "suites": 1,
    "tests": 8,
    "passes": 8,
    "pending": 0,
    "failures": 0,
    "start": "2025-11-21T08:58:26.524Z",
    "end": "2025-11-21T08:59:02.344Z",
    "duration": 35820,
    "testsRegistered": 8,
    "passPercent": 100,
    "pendingPercent": 0,
    "other": 0,
    "hasOther": false,
    "skipped": 0,
    "hasSkipped": false
  },
  "results": [
    {
      "uuid": "32986e36-ecad-4b27-831b-5504938f2813",
      "title": "",
      "fullFile": "cypress\\e2e\\tests\\orderHistoryTest.cy.js",
      "file": "cypress\\e2e\\tests\\orderHistoryTest.cy.js",
      "beforeHooks": [],
      "afterHooks": [],
      "tests": [],
      "suites": [
        {
          "uuid": "3dda2202-f879-42bb-a04c-0fcd678c130f",
          "title": "🧩 Order History Module - Functional Test Suite",
          "fullFile": "",
          "file": "",
          "beforeHooks": [],
          "afterHooks": [],
          "tests": [
            {
              "title": "RSO_FT_22 – Verify navigation to Order History page",
              "fullTitle": "🧩 Order History Module - Functional Test Suite RSO_FT_22 – Verify navigation to Order History page",
              "timedOut": null,
              "duration": 3602,
              "state": "passed",
              "speed": "fast",
              "pass": true,
              "fail": false,
              "pending": false,
              "context": null,
              "code": "_orderHistoryPage.default.navigate();\ncy.url().should('include', '/order-history');\n_orderHistoryPage.default.elements.pageTitle().should('contain.text', 'Order History');\ncy.log('✅ User successfully navigated to the Order History page');",
              "err": {},
              "uuid": "cb4e085c-7401-4bd9-8c05-cda843ca8502",
              "parentUUID": "3dda2202-f879-42bb-a04c-0fcd678c130f",
              "isHook": false,
              "skipped": false
            },
            {
              "title": "RSO_FT_23 – Verify page shows no order history when no data available",
              "fullTitle": "🧩 Order History Module - Functional Test Suite RSO_FT_23 – Verify page shows no order history when no data available",
              "timedOut": null,
              "duration": 3613,
              "state": "passed",
              "speed": "fast",
              "pass": true,
              "fail": false,
              "pending": false,
              "context": null,
              "code": "_orderHistoryPage.default.navigate();\ncy.wait(1000);\n_orderHistoryPage.default.elements.tableRows().then($rows => {\n  if ($rows.length === 0) {\n    cy.log('⚠️ No orders present for this user.');\n    _orderHistoryPage.default.elements.noDataMessage().should('exist');\n  } else {\n    cy.log('✅ User has existing order history; skipping empty state validation.');\n  }\n});",
              "err": {},
              "uuid": "2f48cc3f-9e01-4a2f-a297-9876026e0d86",
              "parentUUID": "3dda2202-f879-42bb-a04c-0fcd678c130f",
              "isHook": false,
              "skipped": false
            },
            {
              "title": "RSO_FT_24 – Verify Order History table structure and contents",
              "fullTitle": "🧩 Order History Module - Functional Test Suite RSO_FT_24 – Verify Order History table structure and contents",
              "timedOut": null,
              "duration": 4023,
              "state": "passed",
              "speed": "fast",
              "pass": true,
              "fail": false,
              "pending": false,
              "context": null,
              "code": "_orderHistoryPage.default.navigate();\n_orderHistoryPage.default.verifyTableHeaders();\ncy.wait(1000);\n_orderHistoryPage.default.elements.tableRows().then($rows => {\n  if ($rows.length > 0) {\n    _orderHistoryPage.default.verifyOrderPresence();\n  } else {\n    cy.log('⚠️ No order data to validate.');\n  }\n});",
              "err": {},
              "uuid": "6bf1eb0e-dd8d-4dd6-a1fc-35e91f98dd72",
              "parentUUID": "3dda2202-f879-42bb-a04c-0fcd678c130f",
              "isHook": false,
              "skipped": false
            },
            {
              "title": "RSO_FT_25 – Verify Order Details popup when clicking ID",
              "fullTitle": "🧩 Order History Module - Functional Test Suite RSO_FT_25 – Verify Order Details popup when clicking ID",
              "timedOut": null,
              "duration": 4763,
              "state": "passed",
              "speed": "fast",
              "pass": true,
              "fail": false,
              "pending": false,
              "context": null,
              "code": "_orderHistoryPage.default.navigate();\ncy.wait(1000);\n_orderHistoryPage.default.elements.tableRows().then($rows => {\n  if ($rows.length > 0) {\n    _orderHistoryPage.default.openOrderDetailsPopup();\n  } else {\n    cy.log('⚠️ No order data to open popup.');\n  }\n});",
              "err": {},
              "uuid": "3064b2b3-5b96-4380-a49e-3409096d3662",
              "parentUUID": "3dda2202-f879-42bb-a04c-0fcd678c130f",
              "isHook": false,
              "skipped": false
            },
            {
              "title": "RSO_FT_26 – Verify search by Order ID",
              "fullTitle": "🧩 Order History Module - Functional Test Suite RSO_FT_26 – Verify search by Order ID",
              "timedOut": null,
              "duration": 4759,
              "state": "passed",
              "speed": "fast",
              "pass": true,
              "fail": false,
              "pending": false,
              "context": null,
              "code": "_orderHistoryPage.default.navigate();\nconst orderId = testData.orderHistory.validOrder.id;\ncy.log(`🔍 Searching for Order ID: ${orderId}`);\n_orderHistoryPage.default.searchAndVerify(orderId);",
              "err": {},
              "uuid": "8652d700-a77e-4a31-9324-eebc5216500a",
              "parentUUID": "3dda2202-f879-42bb-a04c-0fcd678c130f",
              "isHook": false,
              "skipped": false
            },
            {
              "title": "RSO_FT_27 – Verify search by Address",
              "fullTitle": "🧩 Order History Module - Functional Test Suite RSO_FT_27 – Verify search by Address",
              "timedOut": null,
              "duration": 4324,
              "state": "passed",
              "speed": "fast",
              "pass": true,
              "fail": false,
              "pending": false,
              "context": null,
              "code": "_orderHistoryPage.default.navigate();\nconst address = testData.orderHistory.validOrder.address;\ncy.log(`🔍 Searching for Address: ${address}`);\n_orderHistoryPage.default.searchAndVerify(address);",
              "err": {},
              "uuid": "7e51c317-04bf-4c78-8ee8-e0a03ab1eee1",
              "parentUUID": "3dda2202-f879-42bb-a04c-0fcd678c130f",
              "isHook": false,
              "skipped": false
            },
            {
              "title": "RSO_FT_28 – Verify search by Store Name",
              "fullTitle": "🧩 Order History Module - Functional Test Suite RSO_FT_28 – Verify search by Store Name",
              "timedOut": null,
              "duration": 5006,
              "state": "passed",
              "speed": "medium",
              "pass": true,
              "fail": false,
              "pending": false,
              "context": null,
              "code": "_orderHistoryPage.default.navigate();\nconst storeName = testData.orderHistory.validOrder.storeName;\ncy.log(`🔍 Searching for Store Name: ${storeName}`);\n_orderHistoryPage.default.searchAndVerify(storeName);",
              "err": {},
              "uuid": "6f1a7ab3-ee97-4aea-997a-5cb69ab0a5cd",
              "parentUUID": "3dda2202-f879-42bb-a04c-0fcd678c130f",
              "isHook": false,
              "skipped": false
            },
            {
              "title": "RSO_FT_29 – Verify search by Date",
              "fullTitle": "🧩 Order History Module - Functional Test Suite RSO_FT_29 – Verify search by Date",
              "timedOut": null,
              "duration": 4883,
              "state": "passed",
              "speed": "fast",
              "pass": true,
              "fail": false,
              "pending": false,
              "context": null,
              "code": "_orderHistoryPage.default.navigate();\nconst date = testData.orderHistory.validOrder.date;\ncy.log(`🔍 Searching for Date: ${date}`);\n_orderHistoryPage.default.searchAndVerify(date);",
              "err": {},
              "uuid": "4547a7a9-b419-4eba-983a-81996d4fae3a",
              "parentUUID": "3dda2202-f879-42bb-a04c-0fcd678c130f",
              "isHook": false,
              "skipped": false
            }
          ],
          "suites": [],
          "passes": [
            "cb4e085c-7401-4bd9-8c05-cda843ca8502",
            "2f48cc3f-9e01-4a2f-a297-9876026e0d86",
            "6bf1eb0e-dd8d-4dd6-a1fc-35e91f98dd72",
            "3064b2b3-5b96-4380-a49e-3409096d3662",
            "8652d700-a77e-4a31-9324-eebc5216500a",
            "7e51c317-04bf-4c78-8ee8-e0a03ab1eee1",
            "6f1a7ab3-ee97-4aea-997a-5cb69ab0a5cd",
            "4547a7a9-b419-4eba-983a-81996d4fae3a"
          ],
          "failures": [],
          "pending": [],
          "skipped": [],
          "duration": 34973,
          "root": false,
          "rootEmpty": false,
          "_timeout": 2000
        }
      ],
      "passes": [],
      "failures": [],
      "pending": [],
      "skipped": [],
      "duration": 0,
      "root": true,
      "rootEmpty": true,
      "_timeout": 2000
    }
  ],
  "meta": {
    "mocha": {
      "version": "7.0.1"
    },
    "mochawesome": {
      "options": {
        "quiet": false,
        "reportFilename": "mochawesome",
        "saveHtml": false,
        "saveJson": true,
        "consoleReporter": "spec",
        "useInlineDiffs": false,
        "code": true
      },
      "version": "7.1.4"
    },
    "marge": {
      "options": {
        "reportDir": "cypress/reports",
        "overwrite": false,
        "html": false,
        "json": true
      },
      "version": "6.3.2"
    }
  }
}