{
  "stats": {
    "suites": 1,
    "tests": 4,
    "passes": 4,
    "pending": 0,
    "failures": 0,
    "start": "2025-11-19T09:52:15.866Z",
    "end": "2025-11-19T09:52:59.249Z",
    "duration": 43383,
    "testsRegistered": 4,
    "passPercent": 100,
    "pendingPercent": 0,
    "other": 0,
    "hasOther": false,
    "skipped": 0,
    "hasSkipped": false
  },
  "results": [
    {
      "uuid": "604bfa31-1280-4b10-aada-2d65aa6f110a",
      "title": "",
      "fullFile": "cypress\\e2e\\tests\\loginTest.cy.js",
      "file": "cypress\\e2e\\tests\\loginTest.cy.js",
      "beforeHooks": [],
      "afterHooks": [],
      "tests": [],
      "suites": [
        {
          "uuid": "d93f36b1-cfec-4193-9b11-b0d907d9d7df",
          "title": "Login Tests - Retail",
          "fullFile": "",
          "file": "",
          "beforeHooks": [],
          "afterHooks": [],
          "tests": [
            {
              "title": "Login with valid credentials",
              "fullTitle": "Login Tests - Retail Login with valid credentials",
              "timedOut": null,
              "duration": 21215,
              "state": "passed",
              "speed": "slow",
              "pass": true,
              "fail": false,
              "pending": false,
              "context": null,
              "code": "_loginPage.default.visit();\ncy.wait(5000); // wait for 2 seconds\n_loginPage.default.enterEmail(this.data.validUser.email);\n_loginPage.default.enterPassword(this.data.validUser.password);\n_loginPage.default.showPassword();\n_loginPage.default.clickSignIn();\ncy.wait(10000);\ncy.contains('Order History').should('be.visible');",
              "err": {},
              "uuid": "26466959-d5ca-4c70-9000-47b1c969b0e9",
              "parentUUID": "d93f36b1-cfec-4193-9b11-b0d907d9d7df",
              "isHook": false,
              "skipped": false
            },
            {
              "title": "Login fails with invalid credentials",
              "fullTitle": "Login Tests - Retail Login fails with invalid credentials",
              "timedOut": null,
              "duration": 7976,
              "state": "passed",
              "speed": "medium",
              "pass": true,
              "fail": false,
              "pending": false,
              "context": null,
              "code": "_loginPage.default.visit();\ncy.wait(5000); // wait for 5 seconds\n_loginPage.default.enterEmail(this.data.invalidUser.email);\n_loginPage.default.enterPassword(this.data.invalidUser.password);\n_loginPage.default.showPassword();\n_loginPage.default.clickSignIn();\ncy.contains('Invalid credentials. Please try again.').should('be.visible');",
              "err": {},
              "uuid": "d16c04cc-0263-4fbf-90c1-34fce8b79888",
              "parentUUID": "d93f36b1-cfec-4193-9b11-b0d907d9d7df",
              "isHook": false,
              "skipped": false
            },
            {
              "title": "Login fails with empty email",
              "fullTitle": "Login Tests - Retail Login fails with empty email",
              "timedOut": null,
              "duration": 6891,
              "state": "passed",
              "speed": "medium",
              "pass": true,
              "fail": false,
              "pending": false,
              "context": null,
              "code": "_loginPage.default.visit();\ncy.wait(5000); // wait for 5 seconds\n_loginPage.default.enterEmail(this.data.emptyEmail.email);\n_loginPage.default.enterPassword(this.data.emptyEmail.password);\n_loginPage.default.clickSignIn();\ncy.contains('Email is required').should('be.visible');",
              "err": {},
              "uuid": "7456f732-37fe-477f-abf3-750d777ecb28",
              "parentUUID": "d93f36b1-cfec-4193-9b11-b0d907d9d7df",
              "isHook": false,
              "skipped": false
            },
            {
              "title": "Login fails with empty password",
              "fullTitle": "Login Tests - Retail Login fails with empty password",
              "timedOut": null,
              "duration": 6953,
              "state": "passed",
              "speed": "medium",
              "pass": true,
              "fail": false,
              "pending": false,
              "context": null,
              "code": "_loginPage.default.visit();\ncy.wait(5000); // wait for 5 seconds\n_loginPage.default.enterEmail(this.data.emptyPassword.email);\n_loginPage.default.enterPassword(this.data.emptyPassword.password);\n_loginPage.default.clickSignIn();\ncy.contains('Password is required').should('be.visible');",
              "err": {},
              "uuid": "68c8db58-8d6b-4df9-b5b2-140897f94132",
              "parentUUID": "d93f36b1-cfec-4193-9b11-b0d907d9d7df",
              "isHook": false,
              "skipped": false
            }
          ],
          "suites": [],
          "passes": [
            "26466959-d5ca-4c70-9000-47b1c969b0e9",
            "d16c04cc-0263-4fbf-90c1-34fce8b79888",
            "7456f732-37fe-477f-abf3-750d777ecb28",
            "68c8db58-8d6b-4df9-b5b2-140897f94132"
          ],
          "failures": [],
          "pending": [],
          "skipped": [],
          "duration": 43035,
          "root": false,
          "rootEmpty": false,
          "_timeout": 2000
        }
      ],
      "passes": [],
      "failures": [],
      "pending": [],
      "skipped": [],
      "duration": 0,
      "root": true,
      "rootEmpty": true,
      "_timeout": 2000
    }
  ],
  "meta": {
    "mocha": {
      "version": "7.0.1"
    },
    "mochawesome": {
      "options": {
        "quiet": false,
        "reportFilename": "mochawesome",
        "saveHtml": false,
        "saveJson": true,
        "consoleReporter": "spec",
        "useInlineDiffs": false,
        "code": true
      },
      "version": "7.1.4"
    },
    "marge": {
      "options": {
        "reportDir": "cypress/reports",
        "overwrite": false,
        "html": false,
        "json": true
      },
      "version": "6.3.2"
    }
  }
}