{
  "stats": {
    "suites": 3,
    "tests": 18,
    "passes": 0,
    "pending": 0,
    "failures": 6,
    "testsRegistered": 18,
    "passPercent": 0,
    "pendingPercent": 0,
    "other": 0,
    "hasOther": false,
    "skipped": 12,
    "hasSkipped": true,
    "start": "2026-01-05T05:48:17.447Z",
    "end": "2026-01-05T05:48:27.744Z",
    "duration": 10297
  },
  "results": [
    {
      "uuid": "10023ea4-a299-483d-a12b-de973767e7aa",
      "title": "",
      "fullFile": "cypress\\e2e\\tests\\loginTest.cy.js",
      "file": "cypress\\e2e\\tests\\loginTest.cy.js",
      "beforeHooks": [],
      "afterHooks": [],
      "tests": [],
      "suites": [
        {
          "uuid": "3316cf3b-214e-4638-a65f-de2868a67bd1",
          "title": "Login Tests - Retail",
          "fullFile": "",
          "file": "",
          "beforeHooks": [],
          "afterHooks": [],
          "tests": [
            {
              "title": "Login with valid credentials",
              "fullTitle": "Login Tests - Retail Login with valid credentials",
              "timedOut": null,
              "duration": 636,
              "state": "failed",
              "speed": null,
              "pass": false,
              "fail": true,
              "pending": false,
              "context": null,
              "code": "_loginPage.default.visit();\ncy.wait(5000); // wait for 2 seconds\n_loginPage.default.enterEmail(this.data.validUser.email);\n_loginPage.default.enterPassword(this.data.validUser.password);\n_loginPage.default.showPassword();\n_loginPage.default.clickSignIn();\ncy.wait(10000);\ncy.contains('Order History').should('be.visible');",
              "err": {
                "message": "CypressError: `cy.visit()` failed trying to load:\n\n/login\n\nWe failed looking for this file at the path:\n\n/48 Code/Cypress_Mocha_Framework/login\n\nThe internal Cypress web server responded with:\n\n  > 404: Not Found",
                "estack": "CypressError: `cy.visit()` failed trying to load:\n\n/login\n\nWe failed looking for this file at the path:\n\n/48 Code/Cypress_Mocha_Framework/login\n\nThe internal Cypress web server responded with:\n\n  > 404: Not Found\n    at <unknown> (http://localhost:55973/__cypress/runner/cypress_runner.js:131591:76)\n    at visitFailedByErr (http://localhost:55973/__cypress/runner/cypress_runner.js:131006:12)\n    at <unknown> (http://localhost:55973/__cypress/runner/cypress_runner.js:131574:13)\n    at tryCatcher (http://localhost:55973/__cypress/runner/cypress_runner.js:1830:23)\n    at Promise._settlePromiseFromHandler (http://localhost:55973/__cypress/runner/cypress_runner.js:1542:31)\n    at Promise._settlePromise (http://localhost:55973/__cypress/runner/cypress_runner.js:1599:18)\n    at Promise._settlePromise0 (http://localhost:55973/__cypress/runner/cypress_runner.js:1644:10)\n    at Promise._settlePromises (http://localhost:55973/__cypress/runner/cypress_runner.js:1720:18)\n    at _drainQueueStep (http://localhost:55973/__cypress/runner/cypress_runner.js:2430:12)\n    at _drainQueue (http://localhost:55973/__cypress/runner/cypress_runner.js:2423:9)\n    at Async._drainQueues (http://localhost:55973/__cypress/runner/cypress_runner.js:2439:5)\n    at Async.drainQueues (http://localhost:55973/__cypress/runner/cypress_runner.js:2309:14)\nFrom Your Spec Code:\n    at LoginPage.visit (webpack://cypress_mocha_framework/./cypress/e2e/pages/loginPage.js:11:9)\n    at Context.eval (webpack://cypress_mocha_framework/./cypress/e2e/tests/loginTest.cy.js:10:14)",
                "diff": null
              },
              "uuid": "daf2b023-14b5-42fc-9f47-c3ab0b3b36d2",
              "parentUUID": "3316cf3b-214e-4638-a65f-de2868a67bd1",
              "isHook": false,
              "skipped": false
            },
            {
              "title": "Login fails with invalid credentials",
              "fullTitle": "Login Tests - Retail Login fails with invalid credentials",
              "timedOut": null,
              "duration": 430,
              "state": "failed",
              "speed": null,
              "pass": false,
              "fail": true,
              "pending": false,
              "context": null,
              "code": "_loginPage.default.visit();\ncy.wait(5000); // wait for 5 seconds\n_loginPage.default.enterEmail(this.data.invalidUser.email);\n_loginPage.default.enterPassword(this.data.invalidUser.password);\n_loginPage.default.showPassword();\n_loginPage.default.clickSignIn();\ncy.contains('Invalid credentials. Please try again.').should('be.visible');",
              "err": {
                "message": "CypressError: `cy.visit()` failed trying to load:\n\n/login\n\nWe failed looking for this file at the path:\n\n/48 Code/Cypress_Mocha_Framework/login\n\nThe internal Cypress web server responded with:\n\n  > 404: Not Found",
                "estack": "CypressError: `cy.visit()` failed trying to load:\n\n/login\n\nWe failed looking for this file at the path:\n\n/48 Code/Cypress_Mocha_Framework/login\n\nThe internal Cypress web server responded with:\n\n  > 404: Not Found\n    at <unknown> (http://localhost:55973/__cypress/runner/cypress_runner.js:131591:76)\n    at visitFailedByErr (http://localhost:55973/__cypress/runner/cypress_runner.js:131006:12)\n    at <unknown> (http://localhost:55973/__cypress/runner/cypress_runner.js:131574:13)\n    at tryCatcher (http://localhost:55973/__cypress/runner/cypress_runner.js:1830:23)\n    at Promise._settlePromiseFromHandler (http://localhost:55973/__cypress/runner/cypress_runner.js:1542:31)\n    at Promise._settlePromise (http://localhost:55973/__cypress/runner/cypress_runner.js:1599:18)\n    at Promise._settlePromise0 (http://localhost:55973/__cypress/runner/cypress_runner.js:1644:10)\n    at Promise._settlePromises (http://localhost:55973/__cypress/runner/cypress_runner.js:1720:18)\n    at _drainQueueStep (http://localhost:55973/__cypress/runner/cypress_runner.js:2430:12)\n    at _drainQueue (http://localhost:55973/__cypress/runner/cypress_runner.js:2423:9)\n    at Async._drainQueues (http://localhost:55973/__cypress/runner/cypress_runner.js:2439:5)\n    at Async.drainQueues (http://localhost:55973/__cypress/runner/cypress_runner.js:2309:14)\nFrom Your Spec Code:\n    at LoginPage.visit (webpack://cypress_mocha_framework/./cypress/e2e/pages/loginPage.js:11:9)\n    at Context.eval (webpack://cypress_mocha_framework/./cypress/e2e/tests/loginTest.cy.js:21:14)",
                "diff": null
              },
              "uuid": "7441c06e-82ae-4efd-8e3e-c061a8b4d69f",
              "parentUUID": "3316cf3b-214e-4638-a65f-de2868a67bd1",
              "isHook": false,
              "skipped": false
            },
            {
              "title": "Login fails with empty email",
              "fullTitle": "Login Tests - Retail Login fails with empty email",
              "timedOut": null,
              "duration": 261,
              "state": "failed",
              "speed": null,
              "pass": false,
              "fail": true,
              "pending": false,
              "context": null,
              "code": "_loginPage.default.visit();\ncy.wait(5000); // wait for 5 seconds\n_loginPage.default.enterEmail(this.data.emptyEmail.email);\n_loginPage.default.enterPassword(this.data.emptyEmail.password);\n_loginPage.default.clickSignIn();\ncy.contains('Email is required').should('be.visible');",
              "err": {
                "message": "CypressError: `cy.visit()` failed trying to load:\n\n/login\n\nWe failed looking for this file at the path:\n\n/48 Code/Cypress_Mocha_Framework/login\n\nThe internal Cypress web server responded with:\n\n  > 404: Not Found",
                "estack": "CypressError: `cy.visit()` failed trying to load:\n\n/login\n\nWe failed looking for this file at the path:\n\n/48 Code/Cypress_Mocha_Framework/login\n\nThe internal Cypress web server responded with:\n\n  > 404: Not Found\n    at <unknown> (http://localhost:55973/__cypress/runner/cypress_runner.js:131591:76)\n    at visitFailedByErr (http://localhost:55973/__cypress/runner/cypress_runner.js:131006:12)\n    at <unknown> (http://localhost:55973/__cypress/runner/cypress_runner.js:131574:13)\n    at tryCatcher (http://localhost:55973/__cypress/runner/cypress_runner.js:1830:23)\n    at Promise._settlePromiseFromHandler (http://localhost:55973/__cypress/runner/cypress_runner.js:1542:31)\n    at Promise._settlePromise (http://localhost:55973/__cypress/runner/cypress_runner.js:1599:18)\n    at Promise._settlePromise0 (http://localhost:55973/__cypress/runner/cypress_runner.js:1644:10)\n    at Promise._settlePromises (http://localhost:55973/__cypress/runner/cypress_runner.js:1720:18)\n    at _drainQueueStep (http://localhost:55973/__cypress/runner/cypress_runner.js:2430:12)\n    at _drainQueue (http://localhost:55973/__cypress/runner/cypress_runner.js:2423:9)\n    at Async._drainQueues (http://localhost:55973/__cypress/runner/cypress_runner.js:2439:5)\n    at Async.drainQueues (http://localhost:55973/__cypress/runner/cypress_runner.js:2309:14)\nFrom Your Spec Code:\n    at LoginPage.visit (webpack://cypress_mocha_framework/./cypress/e2e/pages/loginPage.js:11:9)\n    at Context.eval (webpack://cypress_mocha_framework/./cypress/e2e/tests/loginTest.cy.js:31:14)",
                "diff": null
              },
              "uuid": "69f7c37b-70f3-49ed-a6c8-74af002d9d3f",
              "parentUUID": "3316cf3b-214e-4638-a65f-de2868a67bd1",
              "isHook": false,
              "skipped": false
            },
            {
              "title": "Login fails with empty password",
              "fullTitle": "Login Tests - Retail Login fails with empty password",
              "timedOut": null,
              "duration": 230,
              "state": "failed",
              "speed": null,
              "pass": false,
              "fail": true,
              "pending": false,
              "context": null,
              "code": "_loginPage.default.visit();\ncy.wait(5000); // wait for 5 seconds\n_loginPage.default.enterEmail(this.data.emptyPassword.email);\n_loginPage.default.enterPassword(this.data.emptyPassword.password);\n_loginPage.default.clickSignIn();\ncy.contains('Password is required').should('be.visible');",
              "err": {
                "message": "CypressError: `cy.visit()` failed trying to load:\n\n/login\n\nWe failed looking for this file at the path:\n\n/48 Code/Cypress_Mocha_Framework/login\n\nThe internal Cypress web server responded with:\n\n  > 404: Not Found",
                "estack": "CypressError: `cy.visit()` failed trying to load:\n\n/login\n\nWe failed looking for this file at the path:\n\n/48 Code/Cypress_Mocha_Framework/login\n\nThe internal Cypress web server responded with:\n\n  > 404: Not Found\n    at <unknown> (http://localhost:55973/__cypress/runner/cypress_runner.js:131591:76)\n    at visitFailedByErr (http://localhost:55973/__cypress/runner/cypress_runner.js:131006:12)\n    at <unknown> (http://localhost:55973/__cypress/runner/cypress_runner.js:131574:13)\n    at tryCatcher (http://localhost:55973/__cypress/runner/cypress_runner.js:1830:23)\n    at Promise._settlePromiseFromHandler (http://localhost:55973/__cypress/runner/cypress_runner.js:1542:31)\n    at Promise._settlePromise (http://localhost:55973/__cypress/runner/cypress_runner.js:1599:18)\n    at Promise._settlePromise0 (http://localhost:55973/__cypress/runner/cypress_runner.js:1644:10)\n    at Promise._settlePromises (http://localhost:55973/__cypress/runner/cypress_runner.js:1720:18)\n    at _drainQueueStep (http://localhost:55973/__cypress/runner/cypress_runner.js:2430:12)\n    at _drainQueue (http://localhost:55973/__cypress/runner/cypress_runner.js:2423:9)\n    at Async._drainQueues (http://localhost:55973/__cypress/runner/cypress_runner.js:2439:5)\n    at Async.drainQueues (http://localhost:55973/__cypress/runner/cypress_runner.js:2309:14)\nFrom Your Spec Code:\n    at LoginPage.visit (webpack://cypress_mocha_framework/./cypress/e2e/pages/loginPage.js:11:9)\n    at Context.eval (webpack://cypress_mocha_framework/./cypress/e2e/tests/loginTest.cy.js:40:16)",
                "diff": null
              },
              "uuid": "cbc6f937-0af0-4fc0-8b94-f54490400eaa",
              "parentUUID": "3316cf3b-214e-4638-a65f-de2868a67bd1",
              "isHook": false,
              "skipped": false
            }
          ],
          "suites": [],
          "passes": [],
          "failures": [
            "daf2b023-14b5-42fc-9f47-c3ab0b3b36d2",
            "7441c06e-82ae-4efd-8e3e-c061a8b4d69f",
            "69f7c37b-70f3-49ed-a6c8-74af002d9d3f",
            "cbc6f937-0af0-4fc0-8b94-f54490400eaa"
          ],
          "pending": [],
          "skipped": [],
          "duration": 1557,
          "root": false,
          "rootEmpty": false,
          "_timeout": 2000
        }
      ],
      "passes": [],
      "failures": [],
      "pending": [],
      "skipped": [],
      "duration": 0,
      "root": true,
      "rootEmpty": true,
      "_timeout": 2000
    },
    {
      "uuid": "86d77133-abd1-4744-a72b-d3de8883da2b",
      "title": "",
      "fullFile": "cypress\\e2e\\tests\\orderHistoryTest.cy.js",
      "file": "cypress\\e2e\\tests\\orderHistoryTest.cy.js",
      "beforeHooks": [],
      "afterHooks": [],
      "tests": [],
      "suites": [
        {
          "uuid": "d2db7343-4fe4-488f-921f-eae3d7b2477a",
          "title": "🧩 Order History Module - Functional Test Suite",
          "fullFile": "",
          "file": "",
          "beforeHooks": [],
          "afterHooks": [],
          "tests": [
            {
              "title": "RSO_FT_22 – Verify navigation to Order History page",
              "fullTitle": "🧩 Order History Module - Functional Test Suite RSO_FT_22 – Verify navigation to Order History page",
              "timedOut": null,
              "duration": 284,
              "state": "failed",
              "speed": null,
              "pass": false,
              "fail": true,
              "pending": false,
              "context": null,
              "code": "_orderHistoryPage.default.navigate();\ncy.url().should('include', '/order-history');\n_orderHistoryPage.default.elements.pageTitle().should('contain.text', 'Order History');\ncy.log('✅ User successfully navigated to the Order History page');",
              "err": {
                "message": "CypressError: `cy.visit()` failed trying to load:\n\n/login\n\nWe failed looking for this file at the path:\n\n/48 Code/Cypress_Mocha_Framework/login\n\nThe internal Cypress web server responded with:\n\n  > 404: Not Found\n\nBecause this error occurred during a `before each` hook we are skipping the remaining tests in the current suite: `🧩 Order History Module - Fu...`",
                "estack": "CypressError: `cy.visit()` failed trying to load:\n\n/login\n\nWe failed looking for this file at the path:\n\n/48 Code/Cypress_Mocha_Framework/login\n\nThe internal Cypress web server responded with:\n\n  > 404: Not Found\n\nBecause this error occurred during a `before each` hook we are skipping the remaining tests in the current suite: `🧩 Order History Module - Fu...`\n    at <unknown> (http://localhost:55973/__cypress/runner/cypress_runner.js:131591:76)\n    at visitFailedByErr (http://localhost:55973/__cypress/runner/cypress_runner.js:131006:12)\n    at <unknown> (http://localhost:55973/__cypress/runner/cypress_runner.js:131574:13)\n    at tryCatcher (http://localhost:55973/__cypress/runner/cypress_runner.js:1830:23)\n    at Promise._settlePromiseFromHandler (http://localhost:55973/__cypress/runner/cypress_runner.js:1542:31)\n    at Promise._settlePromise (http://localhost:55973/__cypress/runner/cypress_runner.js:1599:18)\n    at Promise._settlePromise0 (http://localhost:55973/__cypress/runner/cypress_runner.js:1644:10)\n    at Promise._settlePromises (http://localhost:55973/__cypress/runner/cypress_runner.js:1720:18)\n    at _drainQueueStep (http://localhost:55973/__cypress/runner/cypress_runner.js:2430:12)\n    at _drainQueue (http://localhost:55973/__cypress/runner/cypress_runner.js:2423:9)\n    at Async._drainQueues (http://localhost:55973/__cypress/runner/cypress_runner.js:2439:5)\n    at Async.drainQueues (http://localhost:55973/__cypress/runner/cypress_runner.js:2309:14)\nFrom Your Spec Code:\n    at LoginPage.visit (webpack://cypress_mocha_framework/./cypress/e2e/pages/loginPage.js:11:9)\n    at Context.eval (webpack://cypress_mocha_framework/./cypress/e2e/tests/orderHistoryTest.cy.js:28:14)",
                "diff": null
              },
              "uuid": "8223ce56-3c8b-421f-bc56-66c8b011f873",
              "parentUUID": "d2db7343-4fe4-488f-921f-eae3d7b2477a",
              "isHook": false,
              "skipped": false
            },
            {
              "title": "RSO_FT_23 – Verify page shows no order history when no data available",
              "fullTitle": "🧩 Order History Module - Functional Test Suite RSO_FT_23 – Verify page shows no order history when no data available",
              "timedOut": null,
              "duration": 0,
              "state": "skipped",
              "speed": null,
              "pass": false,
              "fail": false,
              "pending": false,
              "context": null,
              "code": "_orderHistoryPage.default.navigate();\ncy.wait(1000);\n_orderHistoryPage.default.elements.tableRows().then($rows => {\n  if ($rows.length === 0) {\n    cy.log('⚠️ No orders present for this user.');\n    _orderHistoryPage.default.elements.noDataMessage().should('exist');\n  } else {\n    cy.log('✅ User has existing order history; skipping empty state validation.');\n  }\n});",
              "err": {},
              "uuid": "4e528f7f-ed65-499d-abf6-4cccd557d56d",
              "parentUUID": "d2db7343-4fe4-488f-921f-eae3d7b2477a",
              "isHook": false,
              "skipped": true
            },
            {
              "title": "RSO_FT_24 – Verify Order History table structure and contents",
              "fullTitle": "🧩 Order History Module - Functional Test Suite RSO_FT_24 – Verify Order History table structure and contents",
              "timedOut": null,
              "duration": 0,
              "state": "skipped",
              "speed": null,
              "pass": false,
              "fail": false,
              "pending": false,
              "context": null,
              "code": "_orderHistoryPage.default.navigate();\n_orderHistoryPage.default.verifyTableHeaders();\ncy.wait(1000);\n_orderHistoryPage.default.elements.tableRows().then($rows => {\n  if ($rows.length > 0) {\n    _orderHistoryPage.default.verifyOrderPresence();\n  } else {\n    cy.log('⚠️ No order data to validate.');\n  }\n});",
              "err": {},
              "uuid": "82f1746e-56de-4257-995b-e1ce4bc0e851",
              "parentUUID": "d2db7343-4fe4-488f-921f-eae3d7b2477a",
              "isHook": false,
              "skipped": true
            },
            {
              "title": "RSO_FT_25 – Verify Order Details popup when clicking ID",
              "fullTitle": "🧩 Order History Module - Functional Test Suite RSO_FT_25 – Verify Order Details popup when clicking ID",
              "timedOut": null,
              "duration": 0,
              "state": "skipped",
              "speed": null,
              "pass": false,
              "fail": false,
              "pending": false,
              "context": null,
              "code": "_orderHistoryPage.default.navigate();\ncy.wait(1000);\n_orderHistoryPage.default.elements.tableRows().then($rows => {\n  if ($rows.length > 0) {\n    _orderHistoryPage.default.openOrderDetailsPopup();\n  } else {\n    cy.log('⚠️ No order data to open popup.');\n  }\n});",
              "err": {},
              "uuid": "2ce8566e-3536-4381-a971-e1517371cf9a",
              "parentUUID": "d2db7343-4fe4-488f-921f-eae3d7b2477a",
              "isHook": false,
              "skipped": true
            },
            {
              "title": "RSO_FT_26 – Verify search by Order ID",
              "fullTitle": "🧩 Order History Module - Functional Test Suite RSO_FT_26 – Verify search by Order ID",
              "timedOut": null,
              "duration": 0,
              "state": "skipped",
              "speed": null,
              "pass": false,
              "fail": false,
              "pending": false,
              "context": null,
              "code": "_orderHistoryPage.default.navigate();\nconst orderId = testData.orderHistory.validOrder.id;\ncy.log(`🔍 Searching for Order ID: ${orderId}`);\n_orderHistoryPage.default.searchAndVerify(orderId);",
              "err": {},
              "uuid": "1d8322cb-9a0f-47b7-a249-6b096658ba61",
              "parentUUID": "d2db7343-4fe4-488f-921f-eae3d7b2477a",
              "isHook": false,
              "skipped": true
            },
            {
              "title": "RSO_FT_27 – Verify search by Address",
              "fullTitle": "🧩 Order History Module - Functional Test Suite RSO_FT_27 – Verify search by Address",
              "timedOut": null,
              "duration": 0,
              "state": "skipped",
              "speed": null,
              "pass": false,
              "fail": false,
              "pending": false,
              "context": null,
              "code": "_orderHistoryPage.default.navigate();\nconst address = testData.orderHistory.validOrder.address;\ncy.log(`🔍 Searching for Address: ${address}`);\n_orderHistoryPage.default.searchAndVerify(address);",
              "err": {},
              "uuid": "215ad4dc-3b15-4109-bf4a-c08800db8e93",
              "parentUUID": "d2db7343-4fe4-488f-921f-eae3d7b2477a",
              "isHook": false,
              "skipped": true
            },
            {
              "title": "RSO_FT_28 – Verify search by Store Name",
              "fullTitle": "🧩 Order History Module - Functional Test Suite RSO_FT_28 – Verify search by Store Name",
              "timedOut": null,
              "duration": 0,
              "state": "skipped",
              "speed": null,
              "pass": false,
              "fail": false,
              "pending": false,
              "context": null,
              "code": "_orderHistoryPage.default.navigate();\nconst storeName = testData.orderHistory.validOrder.storeName;\ncy.log(`🔍 Searching for Store Name: ${storeName}`);\n_orderHistoryPage.default.searchAndVerify(storeName);",
              "err": {},
              "uuid": "0d24a51b-66a0-4065-8055-747f341e94d5",
              "parentUUID": "d2db7343-4fe4-488f-921f-eae3d7b2477a",
              "isHook": false,
              "skipped": true
            },
            {
              "title": "RSO_FT_29 – Verify search by Date",
              "fullTitle": "🧩 Order History Module - Functional Test Suite RSO_FT_29 – Verify search by Date",
              "timedOut": null,
              "duration": 0,
              "state": "skipped",
              "speed": null,
              "pass": false,
              "fail": false,
              "pending": false,
              "context": null,
              "code": "_orderHistoryPage.default.navigate();\nconst date = testData.orderHistory.validOrder.date;\ncy.log(`🔍 Searching for Date: ${date}`);\n_orderHistoryPage.default.searchAndVerify(date);",
              "err": {},
              "uuid": "2fb7c879-c4e0-48d0-9ed7-c1ee61082fbb",
              "parentUUID": "d2db7343-4fe4-488f-921f-eae3d7b2477a",
              "isHook": false,
              "skipped": true
            }
          ],
          "suites": [],
          "passes": [],
          "failures": [
            "8223ce56-3c8b-421f-bc56-66c8b011f873"
          ],
          "pending": [],
          "skipped": [
            "4e528f7f-ed65-499d-abf6-4cccd557d56d",
            "82f1746e-56de-4257-995b-e1ce4bc0e851",
            "2ce8566e-3536-4381-a971-e1517371cf9a",
            "1d8322cb-9a0f-47b7-a249-6b096658ba61",
            "215ad4dc-3b15-4109-bf4a-c08800db8e93",
            "0d24a51b-66a0-4065-8055-747f341e94d5",
            "2fb7c879-c4e0-48d0-9ed7-c1ee61082fbb"
          ],
          "duration": 284,
          "root": false,
          "rootEmpty": false,
          "_timeout": 2000
        }
      ],
      "passes": [],
      "failures": [],
      "pending": [],
      "skipped": [],
      "duration": 0,
      "root": true,
      "rootEmpty": true,
      "_timeout": 2000
    },
    {
      "uuid": "78178f5f-9726-43ef-bbdc-f69b49e4fb30",
      "title": "",
      "fullFile": "cypress\\e2e\\tests\\orderSimsTest.cy.js",
      "file": "cypress\\e2e\\tests\\orderSimsTest.cy.js",
      "beforeHooks": [],
      "afterHooks": [],
      "tests": [],
      "suites": [
        {
          "uuid": "720edc59-0344-497a-b515-4d86e252accc",
          "title": "Order Sims Module - Functional Test Suite",
          "fullFile": "",
          "file": "",
          "beforeHooks": [],
          "afterHooks": [],
          "tests": [
            {
              "title": "RSO_FT_14 – Verify navigation to Order Sims page after sign in",
              "fullTitle": "Order Sims Module - Functional Test Suite RSO_FT_14 – Verify navigation to Order Sims page after sign in",
              "timedOut": null,
              "duration": 270,
              "state": "failed",
              "speed": null,
              "pass": false,
              "fail": true,
              "pending": false,
              "context": null,
              "code": "cy.log('🧭 Navigating to Order Sims page...');\n_orderSimsPage.default.visit();\ncy.url().should('include', '/order-sims');\ncy.contains('Order SIMs').should('be.visible');\ncy.log('✅ User successfully navigated to Order Sims page after login');",
              "err": {
                "message": "CypressError: `cy.visit()` failed trying to load:\n\n/login\n\nWe failed looking for this file at the path:\n\n/48 Code/Cypress_Mocha_Framework/login\n\nThe internal Cypress web server responded with:\n\n  > 404: Not Found\n\nBecause this error occurred during a `before each` hook we are skipping the remaining tests in the current suite: `Order Sims Module - Functio...`",
                "estack": "CypressError: `cy.visit()` failed trying to load:\n\n/login\n\nWe failed looking for this file at the path:\n\n/48 Code/Cypress_Mocha_Framework/login\n\nThe internal Cypress web server responded with:\n\n  > 404: Not Found\n\nBecause this error occurred during a `before each` hook we are skipping the remaining tests in the current suite: `Order Sims Module - Functio...`\n    at <unknown> (http://localhost:55973/__cypress/runner/cypress_runner.js:131591:76)\n    at visitFailedByErr (http://localhost:55973/__cypress/runner/cypress_runner.js:131006:12)\n    at <unknown> (http://localhost:55973/__cypress/runner/cypress_runner.js:131574:13)\n    at tryCatcher (http://localhost:55973/__cypress/runner/cypress_runner.js:1830:23)\n    at Promise._settlePromiseFromHandler (http://localhost:55973/__cypress/runner/cypress_runner.js:1542:31)\n    at Promise._settlePromise (http://localhost:55973/__cypress/runner/cypress_runner.js:1599:18)\n    at Promise._settlePromise0 (http://localhost:55973/__cypress/runner/cypress_runner.js:1644:10)\n    at Promise._settlePromises (http://localhost:55973/__cypress/runner/cypress_runner.js:1720:18)\n    at _drainQueueStep (http://localhost:55973/__cypress/runner/cypress_runner.js:2430:12)\n    at _drainQueue (http://localhost:55973/__cypress/runner/cypress_runner.js:2423:9)\n    at Async._drainQueues (http://localhost:55973/__cypress/runner/cypress_runner.js:2439:5)\n    at Async.drainQueues (http://localhost:55973/__cypress/runner/cypress_runner.js:2309:14)\nFrom Your Spec Code:\n    at Context.eval (webpack://cypress_mocha_framework/./cypress/e2e/tests/orderSimsTest.cy.js:16:6)",
                "diff": null
              },
              "uuid": "752b7f53-ac6d-46db-b2ca-4dfc7c76fa54",
              "parentUUID": "720edc59-0344-497a-b515-4d86e252accc",
              "isHook": false,
              "skipped": false
            },
            {
              "title": "RSO_FT_15 – Verify placing a valid bulk SIM order (<999)",
              "fullTitle": "Order Sims Module - Functional Test Suite RSO_FT_15 – Verify placing a valid bulk SIM order (<999)",
              "timedOut": null,
              "duration": 0,
              "state": "skipped",
              "speed": null,
              "pass": false,
              "fail": false,
              "pending": false,
              "context": null,
              "code": "_orderSimsPage.default.visit();\n_orderSimsPage.default.enterRetailStoreName(testData.orderSims.storeName);\n_orderSimsPage.default.enterDeliveryAddress(testData.orderSims.deliveryAddress);\n_orderSimsPage.default.enterNumberOfSims(testData.orderSims.sims); // e.g. 100\n_orderSimsPage.default.enterMessage(testData.orderSims.message);\n_orderSimsPage.default.clickOrderSims();\n_orderSimsPage.default.verifyOrderPopupAndClose();\ncy.get('#orderModal', {\n  timeout: 10000\n}).should('not.exist');\ncy.log('✅ Bulk SIM order placed successfully');",
              "err": {},
              "uuid": "8dcd7905-b294-4726-9baf-b113c06a3fe0",
              "parentUUID": "720edc59-0344-497a-b515-4d86e252accc",
              "isHook": false,
              "skipped": true
            },
            {
              "title": "RSO_FT_16 – Verify placing bulk SIM order of 999",
              "fullTitle": "Order Sims Module - Functional Test Suite RSO_FT_16 – Verify placing bulk SIM order of 999",
              "timedOut": null,
              "duration": 0,
              "state": "skipped",
              "speed": null,
              "pass": false,
              "fail": false,
              "pending": false,
              "context": null,
              "code": "_orderSimsPage.default.visit();\n_orderSimsPage.default.enterRetailStoreName(testData.orderSims.storeName);\n_orderSimsPage.default.enterDeliveryAddress(testData.orderSims.deliveryAddress);\n_orderSimsPage.default.enterNumberOfSims(500);\n_orderSimsPage.default.enterMessage('Placing max allowed 500 SIMs');\n_orderSimsPage.default.clickOrderSims();\n_orderSimsPage.default.verifyOrderPopupAndClose();\ncy.get('#orderModal', {\n  timeout: 10000\n}).should('not.exist');\ncy.log('✅ Order for 999 SIMs placed successfully');",
              "err": {},
              "uuid": "179b4c59-3c7b-4529-b2d4-46a191f6bad0",
              "parentUUID": "720edc59-0344-497a-b515-4d86e252accc",
              "isHook": false,
              "skipped": true
            },
            {
              "title": "RSO_FT_17 – Verify error message for SIM order >999",
              "fullTitle": "Order Sims Module - Functional Test Suite RSO_FT_17 – Verify error message for SIM order >999",
              "timedOut": null,
              "duration": 0,
              "state": "skipped",
              "speed": null,
              "pass": false,
              "fail": false,
              "pending": false,
              "context": null,
              "code": "_orderSimsPage.default.visit();\n_orderSimsPage.default.enterRetailStoreName(testData.orderSims.storeName);\n_orderSimsPage.default.enterDeliveryAddress(testData.orderSims.deliveryAddress);\n_orderSimsPage.default.enterNumberOfSims(1000); // trigger max-limit validation\n_orderSimsPage.default.elements.numberOfSimsInput().blur(); // ✅ FIXED\n_orderSimsPage.default.verifySimValidationMessage('must be at most 999');",
              "err": {},
              "uuid": "18b3e820-55f6-49fc-9f14-f91aca5a4ef0",
              "parentUUID": "720edc59-0344-497a-b515-4d86e252accc",
              "isHook": false,
              "skipped": true
            },
            {
              "title": "RSO_FT_19 – Validation for invalid and blank values in Number of SIMs field",
              "fullTitle": "Order Sims Module - Functional Test Suite RSO_FT_19 – Validation for invalid and blank values in Number of SIMs field",
              "timedOut": null,
              "duration": 0,
              "state": "skipped",
              "speed": null,
              "pass": false,
              "fail": false,
              "pending": false,
              "context": null,
              "code": "const invalidValues = [{\n  input: '',\n  expected: 'Number of sims is required'\n},\n// use '' instead of null/space\n{\n  input: ' ',\n  expected: 'must be a number'\n}, {\n  input: '@@@',\n  expected: 'must be a number'\n}, {\n  input: 'abc',\n  expected: 'must be a number'\n}, {\n  input: '50xyz',\n  expected: 'must be a number'\n}];\ninvalidValues.forEach(({\n  input,\n  expected\n}) => {\n  _orderSimsPage.default.visit();\n  cy.log(`🧪 Testing invalid SIM count: \"${input}\" expecting: \"${expected}\"`);\n  _orderSimsPage.default.enterRetailStoreName(testData.orderSims.storeName);\n  _orderSimsPage.default.enterDeliveryAddress(testData.orderSims.deliveryAddress);\n  // Clear field before typing\n  _orderSimsPage.default.elements.numberOfSimsInput().clear();\n  if (input) {\n    _orderSimsPage.default.enterNumberOfSims(input);\n  }\n  // Explicitly trigger blur event\n  _orderSimsPage.default.elements.numberOfSimsInput().blur();\n  // Optionally, click somewhere else to confirm Angular validation renders\n  _orderSimsPage.default.elements.messageInput().click({\n    force: true\n  });\n  // Now verify the validation message\n  _orderSimsPage.default.verifySimValidationMessage(expected);\n});",
              "err": {},
              "uuid": "57996e42-b82a-4201-9803-cbe1235faf21",
              "parentUUID": "720edc59-0344-497a-b515-4d86e252accc",
              "isHook": false,
              "skipped": true
            },
            {
              "title": "RSO_FT_18 – Verify placed order appears in Order History (from latest valid order)",
              "fullTitle": "Order Sims Module - Functional Test Suite RSO_FT_18 – Verify placed order appears in Order History (from latest valid order)",
              "timedOut": null,
              "duration": 0,
              "state": "skipped",
              "speed": null,
              "pass": false,
              "fail": false,
              "pending": false,
              "context": null,
              "code": "_orderSimsPage.default.goToOrderHistory();\ncy.url().should('include', '/order-history');\n_orderSimsPage.default.verifyOrderInHistory(testData.orderSims.storeName, testData.orderSims.sims, testData.orderSims.status);\ncy.log('✅ Verified latest order present in Order History');",
              "err": {},
              "uuid": "cb4a68c6-4356-40df-9d49-39983c9156ef",
              "parentUUID": "720edc59-0344-497a-b515-4d86e252accc",
              "isHook": false,
              "skipped": true
            }
          ],
          "suites": [],
          "passes": [],
          "failures": [
            "752b7f53-ac6d-46db-b2ca-4dfc7c76fa54"
          ],
          "pending": [],
          "skipped": [
            "8dcd7905-b294-4726-9baf-b113c06a3fe0",
            "179b4c59-3c7b-4529-b2d4-46a191f6bad0",
            "18b3e820-55f6-49fc-9f14-f91aca5a4ef0",
            "57996e42-b82a-4201-9803-cbe1235faf21",
            "cb4a68c6-4356-40df-9d49-39983c9156ef"
          ],
          "duration": 270,
          "root": false,
          "rootEmpty": false,
          "_timeout": 2000
        }
      ],
      "passes": [],
      "failures": [],
      "pending": [],
      "skipped": [],
      "duration": 0,
      "root": true,
      "rootEmpty": true,
      "_timeout": 2000
    }
  ],
  "meta": {
    "mocha": {
      "version": "7.0.1"
    },
    "mochawesome": {
      "options": {
        "quiet": false,
        "reportFilename": "mochawesome",
        "saveHtml": false,
        "saveJson": true,
        "consoleReporter": "spec",
        "useInlineDiffs": false,
        "code": true
      },
      "version": "7.1.4"
    },
    "marge": {
      "options": {
        "reportDir": "cypress/reports",
        "overwrite": false,
        "html": false,
        "json": true
      },
      "version": "6.3.2"
    }
  }
}