{
  "stats": {
    "suites": 3,
    "tests": 18,
    "passes": 17,
    "pending": 0,
    "failures": 1,
    "testsRegistered": 18,
    "passPercent": 94.44444444444444,
    "pendingPercent": 0,
    "other": 0,
    "hasOther": false,
    "skipped": 0,
    "hasSkipped": false,
    "start": "2025-11-21T08:57:41.323Z",
    "end": "2025-11-21T09:00:05.210Z",
    "duration": 143887
  },
  "results": [
    {
      "uuid": "4a982cae-f951-4834-b1c7-d67d82225e76",
      "title": "",
      "fullFile": "cypress\\e2e\\tests\\loginTest.cy.js",
      "file": "cypress\\e2e\\tests\\loginTest.cy.js",
      "beforeHooks": [],
      "afterHooks": [],
      "tests": [],
      "suites": [
        {
          "uuid": "242d3e30-feec-49d6-af40-711b8d583cc3",
          "title": "Login Tests - Retail",
          "fullFile": "",
          "file": "",
          "beforeHooks": [],
          "afterHooks": [],
          "tests": [
            {
              "title": "Login with valid credentials",
              "fullTitle": "Login Tests - Retail Login with valid credentials",
              "timedOut": null,
              "duration": 20371,
              "state": "passed",
              "speed": "slow",
              "pass": true,
              "fail": false,
              "pending": false,
              "context": null,
              "code": "_loginPage.default.visit();\ncy.wait(5000); // wait for 2 seconds\n_loginPage.default.enterEmail(this.data.validUser.email);\n_loginPage.default.enterPassword(this.data.validUser.password);\n_loginPage.default.showPassword();\n_loginPage.default.clickSignIn();\ncy.wait(10000);\ncy.contains('Order History').should('be.visible');",
              "err": {},
              "uuid": "6b545c1e-4951-4217-ab10-ca6253f31570",
              "parentUUID": "242d3e30-feec-49d6-af40-711b8d583cc3",
              "isHook": false,
              "skipped": false
            },
            {
              "title": "Login fails with invalid credentials",
              "fullTitle": "Login Tests - Retail Login fails with invalid credentials",
              "timedOut": null,
              "duration": 7439,
              "state": "passed",
              "speed": "medium",
              "pass": true,
              "fail": false,
              "pending": false,
              "context": null,
              "code": "_loginPage.default.visit();\ncy.wait(5000); // wait for 5 seconds\n_loginPage.default.enterEmail(this.data.invalidUser.email);\n_loginPage.default.enterPassword(this.data.invalidUser.password);\n_loginPage.default.showPassword();\n_loginPage.default.clickSignIn();\ncy.contains('Invalid credentials. Please try again.').should('be.visible');",
              "err": {},
              "uuid": "89dc8137-5691-45e5-bc3e-1e450d6c1022",
              "parentUUID": "242d3e30-feec-49d6-af40-711b8d583cc3",
              "isHook": false,
              "skipped": false
            },
            {
              "title": "Login fails with empty email",
              "fullTitle": "Login Tests - Retail Login fails with empty email",
              "timedOut": null,
              "duration": 6612,
              "state": "passed",
              "speed": "medium",
              "pass": true,
              "fail": false,
              "pending": false,
              "context": null,
              "code": "_loginPage.default.visit();\ncy.wait(5000); // wait for 5 seconds\n_loginPage.default.enterEmail(this.data.emptyEmail.email);\n_loginPage.default.enterPassword(this.data.emptyEmail.password);\n_loginPage.default.clickSignIn();\ncy.contains('Email is required').should('be.visible');",
              "err": {},
              "uuid": "d0099fd6-2f24-4b08-95f1-4b690b0aa0c5",
              "parentUUID": "242d3e30-feec-49d6-af40-711b8d583cc3",
              "isHook": false,
              "skipped": false
            },
            {
              "title": "Login fails with empty password",
              "fullTitle": "Login Tests - Retail Login fails with empty password",
              "timedOut": null,
              "duration": 7068,
              "state": "passed",
              "speed": "medium",
              "pass": true,
              "fail": false,
              "pending": false,
              "context": null,
              "code": "_loginPage.default.visit();\ncy.wait(5000); // wait for 5 seconds\n_loginPage.default.enterEmail(this.data.emptyPassword.email);\n_loginPage.default.enterPassword(this.data.emptyPassword.password);\n_loginPage.default.clickSignIn();\ncy.contains('Password is required').should('be.visible');",
              "err": {},
              "uuid": "ca1f9fb2-be97-4f92-9741-d03f3aad50c8",
              "parentUUID": "242d3e30-feec-49d6-af40-711b8d583cc3",
              "isHook": false,
              "skipped": false
            }
          ],
          "suites": [],
          "passes": [
            "6b545c1e-4951-4217-ab10-ca6253f31570",
            "89dc8137-5691-45e5-bc3e-1e450d6c1022",
            "d0099fd6-2f24-4b08-95f1-4b690b0aa0c5",
            "ca1f9fb2-be97-4f92-9741-d03f3aad50c8"
          ],
          "failures": [],
          "pending": [],
          "skipped": [],
          "duration": 41490,
          "root": false,
          "rootEmpty": false,
          "_timeout": 2000
        }
      ],
      "passes": [],
      "failures": [],
      "pending": [],
      "skipped": [],
      "duration": 0,
      "root": true,
      "rootEmpty": true,
      "_timeout": 2000
    },
    {
      "uuid": "32986e36-ecad-4b27-831b-5504938f2813",
      "title": "",
      "fullFile": "cypress\\e2e\\tests\\orderHistoryTest.cy.js",
      "file": "cypress\\e2e\\tests\\orderHistoryTest.cy.js",
      "beforeHooks": [],
      "afterHooks": [],
      "tests": [],
      "suites": [
        {
          "uuid": "3dda2202-f879-42bb-a04c-0fcd678c130f",
          "title": "🧩 Order History Module - Functional Test Suite",
          "fullFile": "",
          "file": "",
          "beforeHooks": [],
          "afterHooks": [],
          "tests": [
            {
              "title": "RSO_FT_22 – Verify navigation to Order History page",
              "fullTitle": "🧩 Order History Module - Functional Test Suite RSO_FT_22 – Verify navigation to Order History page",
              "timedOut": null,
              "duration": 3602,
              "state": "passed",
              "speed": "fast",
              "pass": true,
              "fail": false,
              "pending": false,
              "context": null,
              "code": "_orderHistoryPage.default.navigate();\ncy.url().should('include', '/order-history');\n_orderHistoryPage.default.elements.pageTitle().should('contain.text', 'Order History');\ncy.log('✅ User successfully navigated to the Order History page');",
              "err": {},
              "uuid": "cb4e085c-7401-4bd9-8c05-cda843ca8502",
              "parentUUID": "3dda2202-f879-42bb-a04c-0fcd678c130f",
              "isHook": false,
              "skipped": false
            },
            {
              "title": "RSO_FT_23 – Verify page shows no order history when no data available",
              "fullTitle": "🧩 Order History Module - Functional Test Suite RSO_FT_23 – Verify page shows no order history when no data available",
              "timedOut": null,
              "duration": 3613,
              "state": "passed",
              "speed": "fast",
              "pass": true,
              "fail": false,
              "pending": false,
              "context": null,
              "code": "_orderHistoryPage.default.navigate();\ncy.wait(1000);\n_orderHistoryPage.default.elements.tableRows().then($rows => {\n  if ($rows.length === 0) {\n    cy.log('⚠️ No orders present for this user.');\n    _orderHistoryPage.default.elements.noDataMessage().should('exist');\n  } else {\n    cy.log('✅ User has existing order history; skipping empty state validation.');\n  }\n});",
              "err": {},
              "uuid": "2f48cc3f-9e01-4a2f-a297-9876026e0d86",
              "parentUUID": "3dda2202-f879-42bb-a04c-0fcd678c130f",
              "isHook": false,
              "skipped": false
            },
            {
              "title": "RSO_FT_24 – Verify Order History table structure and contents",
              "fullTitle": "🧩 Order History Module - Functional Test Suite RSO_FT_24 – Verify Order History table structure and contents",
              "timedOut": null,
              "duration": 4023,
              "state": "passed",
              "speed": "fast",
              "pass": true,
              "fail": false,
              "pending": false,
              "context": null,
              "code": "_orderHistoryPage.default.navigate();\n_orderHistoryPage.default.verifyTableHeaders();\ncy.wait(1000);\n_orderHistoryPage.default.elements.tableRows().then($rows => {\n  if ($rows.length > 0) {\n    _orderHistoryPage.default.verifyOrderPresence();\n  } else {\n    cy.log('⚠️ No order data to validate.');\n  }\n});",
              "err": {},
              "uuid": "6bf1eb0e-dd8d-4dd6-a1fc-35e91f98dd72",
              "parentUUID": "3dda2202-f879-42bb-a04c-0fcd678c130f",
              "isHook": false,
              "skipped": false
            },
            {
              "title": "RSO_FT_25 – Verify Order Details popup when clicking ID",
              "fullTitle": "🧩 Order History Module - Functional Test Suite RSO_FT_25 – Verify Order Details popup when clicking ID",
              "timedOut": null,
              "duration": 4763,
              "state": "passed",
              "speed": "fast",
              "pass": true,
              "fail": false,
              "pending": false,
              "context": null,
              "code": "_orderHistoryPage.default.navigate();\ncy.wait(1000);\n_orderHistoryPage.default.elements.tableRows().then($rows => {\n  if ($rows.length > 0) {\n    _orderHistoryPage.default.openOrderDetailsPopup();\n  } else {\n    cy.log('⚠️ No order data to open popup.');\n  }\n});",
              "err": {},
              "uuid": "3064b2b3-5b96-4380-a49e-3409096d3662",
              "parentUUID": "3dda2202-f879-42bb-a04c-0fcd678c130f",
              "isHook": false,
              "skipped": false
            },
            {
              "title": "RSO_FT_26 – Verify search by Order ID",
              "fullTitle": "🧩 Order History Module - Functional Test Suite RSO_FT_26 – Verify search by Order ID",
              "timedOut": null,
              "duration": 4759,
              "state": "passed",
              "speed": "fast",
              "pass": true,
              "fail": false,
              "pending": false,
              "context": null,
              "code": "_orderHistoryPage.default.navigate();\nconst orderId = testData.orderHistory.validOrder.id;\ncy.log(`🔍 Searching for Order ID: ${orderId}`);\n_orderHistoryPage.default.searchAndVerify(orderId);",
              "err": {},
              "uuid": "8652d700-a77e-4a31-9324-eebc5216500a",
              "parentUUID": "3dda2202-f879-42bb-a04c-0fcd678c130f",
              "isHook": false,
              "skipped": false
            },
            {
              "title": "RSO_FT_27 – Verify search by Address",
              "fullTitle": "🧩 Order History Module - Functional Test Suite RSO_FT_27 – Verify search by Address",
              "timedOut": null,
              "duration": 4324,
              "state": "passed",
              "speed": "fast",
              "pass": true,
              "fail": false,
              "pending": false,
              "context": null,
              "code": "_orderHistoryPage.default.navigate();\nconst address = testData.orderHistory.validOrder.address;\ncy.log(`🔍 Searching for Address: ${address}`);\n_orderHistoryPage.default.searchAndVerify(address);",
              "err": {},
              "uuid": "7e51c317-04bf-4c78-8ee8-e0a03ab1eee1",
              "parentUUID": "3dda2202-f879-42bb-a04c-0fcd678c130f",
              "isHook": false,
              "skipped": false
            },
            {
              "title": "RSO_FT_28 – Verify search by Store Name",
              "fullTitle": "🧩 Order History Module - Functional Test Suite RSO_FT_28 – Verify search by Store Name",
              "timedOut": null,
              "duration": 5006,
              "state": "passed",
              "speed": "medium",
              "pass": true,
              "fail": false,
              "pending": false,
              "context": null,
              "code": "_orderHistoryPage.default.navigate();\nconst storeName = testData.orderHistory.validOrder.storeName;\ncy.log(`🔍 Searching for Store Name: ${storeName}`);\n_orderHistoryPage.default.searchAndVerify(storeName);",
              "err": {},
              "uuid": "6f1a7ab3-ee97-4aea-997a-5cb69ab0a5cd",
              "parentUUID": "3dda2202-f879-42bb-a04c-0fcd678c130f",
              "isHook": false,
              "skipped": false
            },
            {
              "title": "RSO_FT_29 – Verify search by Date",
              "fullTitle": "🧩 Order History Module - Functional Test Suite RSO_FT_29 – Verify search by Date",
              "timedOut": null,
              "duration": 4883,
              "state": "passed",
              "speed": "fast",
              "pass": true,
              "fail": false,
              "pending": false,
              "context": null,
              "code": "_orderHistoryPage.default.navigate();\nconst date = testData.orderHistory.validOrder.date;\ncy.log(`🔍 Searching for Date: ${date}`);\n_orderHistoryPage.default.searchAndVerify(date);",
              "err": {},
              "uuid": "4547a7a9-b419-4eba-983a-81996d4fae3a",
              "parentUUID": "3dda2202-f879-42bb-a04c-0fcd678c130f",
              "isHook": false,
              "skipped": false
            }
          ],
          "suites": [],
          "passes": [
            "cb4e085c-7401-4bd9-8c05-cda843ca8502",
            "2f48cc3f-9e01-4a2f-a297-9876026e0d86",
            "6bf1eb0e-dd8d-4dd6-a1fc-35e91f98dd72",
            "3064b2b3-5b96-4380-a49e-3409096d3662",
            "8652d700-a77e-4a31-9324-eebc5216500a",
            "7e51c317-04bf-4c78-8ee8-e0a03ab1eee1",
            "6f1a7ab3-ee97-4aea-997a-5cb69ab0a5cd",
            "4547a7a9-b419-4eba-983a-81996d4fae3a"
          ],
          "failures": [],
          "pending": [],
          "skipped": [],
          "duration": 34973,
          "root": false,
          "rootEmpty": false,
          "_timeout": 2000
        }
      ],
      "passes": [],
      "failures": [],
      "pending": [],
      "skipped": [],
      "duration": 0,
      "root": true,
      "rootEmpty": true,
      "_timeout": 2000
    },
    {
      "uuid": "276ca143-368e-4a1d-a2f9-7b2cdcc1dfe8",
      "title": "",
      "fullFile": "cypress\\e2e\\tests\\orderSimsTest.cy.js",
      "file": "cypress\\e2e\\tests\\orderSimsTest.cy.js",
      "beforeHooks": [],
      "afterHooks": [],
      "tests": [],
      "suites": [
        {
          "uuid": "180fe938-27b9-4d99-be3e-dd4126bb4151",
          "title": "Order Sims Module - Functional Test Suite",
          "fullFile": "",
          "file": "",
          "beforeHooks": [],
          "afterHooks": [],
          "tests": [
            {
              "title": "RSO_FT_14 – Verify navigation to Order Sims page after sign in",
              "fullTitle": "Order Sims Module - Functional Test Suite RSO_FT_14 – Verify navigation to Order Sims page after sign in",
              "timedOut": null,
              "duration": 4250,
              "state": "passed",
              "speed": "fast",
              "pass": true,
              "fail": false,
              "pending": false,
              "context": null,
              "code": "cy.log('🧭 Navigating to Order Sims page...');\n_orderSimsPage.default.visit();\ncy.url().should('include', '/order-sims');\ncy.contains('Order SIMs').should('be.visible');\ncy.log('✅ User successfully navigated to Order Sims page after login');",
              "err": {},
              "uuid": "b22f0908-a1c5-458e-80e0-fce3ec46371f",
              "parentUUID": "180fe938-27b9-4d99-be3e-dd4126bb4151",
              "isHook": false,
              "skipped": false
            },
            {
              "title": "RSO_FT_15 – Verify placing a valid bulk SIM order (<999)",
              "fullTitle": "Order Sims Module - Functional Test Suite RSO_FT_15 – Verify placing a valid bulk SIM order (<999)",
              "timedOut": null,
              "duration": 8310,
              "state": "passed",
              "speed": "medium",
              "pass": true,
              "fail": false,
              "pending": false,
              "context": null,
              "code": "_orderSimsPage.default.visit();\n_orderSimsPage.default.enterRetailStoreName(testData.orderSims.storeName);\n_orderSimsPage.default.enterDeliveryAddress(testData.orderSims.deliveryAddress);\n_orderSimsPage.default.enterNumberOfSims(testData.orderSims.sims); // e.g. 100\n_orderSimsPage.default.enterMessage(testData.orderSims.message);\n_orderSimsPage.default.clickOrderSims();\n_orderSimsPage.default.verifyOrderPopupAndClose();\ncy.get('#orderModal', {\n  timeout: 10000\n}).should('not.exist');\ncy.log('✅ Bulk SIM order placed successfully');",
              "err": {},
              "uuid": "86939d29-b66e-4284-a6de-3d914d477f15",
              "parentUUID": "180fe938-27b9-4d99-be3e-dd4126bb4151",
              "isHook": false,
              "skipped": false
            },
            {
              "title": "RSO_FT_16 – Verify placing bulk SIM order of 999",
              "fullTitle": "Order Sims Module - Functional Test Suite RSO_FT_16 – Verify placing bulk SIM order of 999",
              "timedOut": null,
              "duration": 10352,
              "state": "passed",
              "speed": "slow",
              "pass": true,
              "fail": false,
              "pending": false,
              "context": null,
              "code": "_orderSimsPage.default.visit();\n_orderSimsPage.default.enterRetailStoreName(testData.orderSims.storeName);\n_orderSimsPage.default.enterDeliveryAddress(testData.orderSims.deliveryAddress);\n_orderSimsPage.default.enterNumberOfSims(500);\n_orderSimsPage.default.enterMessage('Placing max allowed 500 SIMs');\n_orderSimsPage.default.clickOrderSims();\n_orderSimsPage.default.verifyOrderPopupAndClose();\ncy.get('#orderModal', {\n  timeout: 10000\n}).should('not.exist');\ncy.log('✅ Order for 999 SIMs placed successfully');",
              "err": {},
              "uuid": "b008c95a-bc4b-488d-afb9-ab18e8a9d7c5",
              "parentUUID": "180fe938-27b9-4d99-be3e-dd4126bb4151",
              "isHook": false,
              "skipped": false
            },
            {
              "title": "RSO_FT_17 – Verify error message for SIM order >999",
              "fullTitle": "Order Sims Module - Functional Test Suite RSO_FT_17 – Verify error message for SIM order >999",
              "timedOut": null,
              "duration": 5486,
              "state": "passed",
              "speed": "medium",
              "pass": true,
              "fail": false,
              "pending": false,
              "context": null,
              "code": "_orderSimsPage.default.visit();\n_orderSimsPage.default.enterRetailStoreName(testData.orderSims.storeName);\n_orderSimsPage.default.enterDeliveryAddress(testData.orderSims.deliveryAddress);\n_orderSimsPage.default.enterNumberOfSims(1000); // trigger max-limit validation\n_orderSimsPage.default.elements.numberOfSimsInput().blur(); // ✅ FIXED\n_orderSimsPage.default.verifySimValidationMessage('must be at most 999');",
              "err": {},
              "uuid": "e7d074cc-29a7-4a1d-913a-e758b2c383fd",
              "parentUUID": "180fe938-27b9-4d99-be3e-dd4126bb4151",
              "isHook": false,
              "skipped": false
            },
            {
              "title": "RSO_FT_19 – Validation for invalid and blank values in Number of SIMs field",
              "fullTitle": "Order Sims Module - Functional Test Suite RSO_FT_19 – Validation for invalid and blank values in Number of SIMs field",
              "timedOut": null,
              "duration": 20514,
              "state": "passed",
              "speed": "slow",
              "pass": true,
              "fail": false,
              "pending": false,
              "context": null,
              "code": "const invalidValues = [{\n  input: '',\n  expected: 'Number of sims is required'\n},\n// use '' instead of null/space\n{\n  input: ' ',\n  expected: 'must be a number'\n}, {\n  input: '@@@',\n  expected: 'must be a number'\n}, {\n  input: 'abc',\n  expected: 'must be a number'\n}, {\n  input: '50xyz',\n  expected: 'must be a number'\n}];\ninvalidValues.forEach(({\n  input,\n  expected\n}) => {\n  _orderSimsPage.default.visit();\n  cy.log(`🧪 Testing invalid SIM count: \"${input}\" expecting: \"${expected}\"`);\n  _orderSimsPage.default.enterRetailStoreName(testData.orderSims.storeName);\n  _orderSimsPage.default.enterDeliveryAddress(testData.orderSims.deliveryAddress);\n  // Clear field before typing\n  _orderSimsPage.default.elements.numberOfSimsInput().clear();\n  if (input) {\n    _orderSimsPage.default.enterNumberOfSims(input);\n  }\n  // Explicitly trigger blur event\n  _orderSimsPage.default.elements.numberOfSimsInput().blur();\n  // Optionally, click somewhere else to confirm Angular validation renders\n  _orderSimsPage.default.elements.messageInput().click({\n    force: true\n  });\n  // Now verify the validation message\n  _orderSimsPage.default.verifySimValidationMessage(expected);\n});",
              "err": {},
              "uuid": "b94dc35e-22ba-42b9-bd1e-beae22dafdf9",
              "parentUUID": "180fe938-27b9-4d99-be3e-dd4126bb4151",
              "isHook": false,
              "skipped": false
            },
            {
              "title": "RSO_FT_18 – Verify placed order appears in Order History (from latest valid order)",
              "fullTitle": "Order Sims Module - Functional Test Suite RSO_FT_18 – Verify placed order appears in Order History (from latest valid order)",
              "timedOut": null,
              "duration": 10270,
              "state": "failed",
              "speed": null,
              "pass": false,
              "fail": true,
              "pending": false,
              "context": null,
              "code": "_orderSimsPage.default.goToOrderHistory();\ncy.url().should('include', '/order-history');\n_orderSimsPage.default.verifyOrderInHistory(testData.orderSims.storeName, testData.orderSims.sims, testData.orderSims.status);\ncy.log('✅ Verified latest order present in Order History');",
              "err": {
                "message": "AssertionError: Timed out retrying after 10000ms: Expected to find element: `a[routerlink=\"/order-history\"], a[href=\"/order-history\"]`, but never found it.",
                "estack": "AssertionError: Timed out retrying after 10000ms: Expected to find element: `a[routerlink=\"/order-history\"], a[href=\"/order-history\"]`, but never found it.\n    at OrderSimsPage.goToOrderHistory (webpack://cypress_mocha_framework/./cypress/e2e/pages/orderSimsPage.js:130:7)\n    at Context.eval (webpack://cypress_mocha_framework/./cypress/e2e/tests/orderSimsTest.cy.js:122:18)",
                "diff": null
              },
              "uuid": "98501a1c-6687-4782-86be-a8b24d5dabbc",
              "parentUUID": "180fe938-27b9-4d99-be3e-dd4126bb4151",
              "isHook": false,
              "skipped": false
            }
          ],
          "suites": [],
          "passes": [
            "b22f0908-a1c5-458e-80e0-fce3ec46371f",
            "86939d29-b66e-4284-a6de-3d914d477f15",
            "b008c95a-bc4b-488d-afb9-ab18e8a9d7c5",
            "e7d074cc-29a7-4a1d-913a-e758b2c383fd",
            "b94dc35e-22ba-42b9-bd1e-beae22dafdf9"
          ],
          "failures": [
            "98501a1c-6687-4782-86be-a8b24d5dabbc"
          ],
          "pending": [],
          "skipped": [],
          "duration": 59182,
          "root": false,
          "rootEmpty": false,
          "_timeout": 2000
        }
      ],
      "passes": [],
      "failures": [],
      "pending": [],
      "skipped": [],
      "duration": 0,
      "root": true,
      "rootEmpty": true,
      "_timeout": 2000
    }
  ],
  "meta": {
    "mocha": {
      "version": "7.0.1"
    },
    "mochawesome": {
      "options": {
        "quiet": false,
        "reportFilename": "mochawesome",
        "saveHtml": false,
        "saveJson": true,
        "consoleReporter": "spec",
        "useInlineDiffs": false,
        "code": true
      },
      "version": "7.1.4"
    },
    "marge": {
      "options": {
        "reportDir": "cypress/reports",
        "overwrite": false,
        "html": false,
        "json": true
      },
      "version": "6.3.2"
    }
  }
}