{
  "stats": {
    "suites": 2,
    "tests": 5,
    "passes": 0,
    "pending": 0,
    "failures": 5,
    "testsRegistered": 5,
    "passPercent": 0,
    "pendingPercent": 0,
    "other": 0,
    "hasOther": false,
    "skipped": 0,
    "hasSkipped": false,
    "start": "2025-11-13T09:59:31.702Z",
    "end": "2025-11-13T10:00:25.482Z",
    "duration": 53780
  },
  "results": [
    {
      "uuid": "cae2966a-4bb5-4768-8126-9dec7e9a9a1d",
      "title": "",
      "fullFile": "cypress\\e2e\\tests\\orderSimsTest.cy.js",
      "file": "cypress\\e2e\\tests\\orderSimsTest.cy.js",
      "beforeHooks": [],
      "afterHooks": [],
      "tests": [],
      "suites": [
        {
          "uuid": "bb93cdfa-cbea-4031-93a3-50b21da4d880",
          "title": "Order Sims - Bulk SIM Ordering",
          "fullFile": "",
          "file": "",
          "beforeHooks": [],
          "afterHooks": [],
          "tests": [
            {
              "title": "should successfully place a bulk SIM order",
              "fullTitle": "Order Sims - Bulk SIM Ordering should successfully place a bulk SIM order",
              "timedOut": null,
              "duration": 5742,
              "state": "failed",
              "speed": null,
              "pass": false,
              "fail": true,
              "pending": false,
              "context": null,
              "code": "// Step 1: Login\n_loginPage.default.visit();\n_loginPage.default.enterEmail(testData.validUser.email);\n_loginPage.default.enterPassword(testData.validUser.password);\n_loginPage.default.showPassword();\n_loginPage.default.clickSignIn();\n// Wait until dashboard visible\ncy.contains('Order History', {\n  timeout: 20000\n}).should('be.visible');\n// Step 2: Go to Order Sims page\n_orderSimsPage.default.visit();\ncy.url().should('include', '/order-sims');\n// Step 3: Fill order details\n_orderSimsPage.default.enterRetailStoreName(testData.orderSims.storeName);\n_orderSimsPage.default.enterDeliveryAddress(testData.orderSims.deliveryAddress);\n_orderSimsPage.default.enterNumberOfSims(testData.orderSims.sims);\n_orderSimsPage.default.enterMessage(testData.orderSims.message);\n// Step 4: Submit order\n_orderSimsPage.default.clickOrderSims();\ncy.wait(5000); // wait for 5 seconds for popup to appear\n// Step 5: Handle popup\n_orderSimsPage.default.verifyOrderPopupAndClose();\n// Step 6: Navigate to order history\n_orderSimsPage.default.goToOrderHistory();\n// Step 7: Verify order appears\n_orderSimsPage.default.verifyOrderInHistory(testData.orderSims.storeName, testData.orderSims.sims, testData.orderSims.status);",
              "err": {
                "message": "AssertionError: Timed out retrying after 4000ms: Expected to find element: `input[formcontrolname=\"email\"]`, but never found it.",
                "estack": "AssertionError: Timed out retrying after 4000ms: Expected to find element: `input[formcontrolname=\"email\"]`, but never found it.\n    at Object.emailInput (webpack://cypress_mocha_framework/./cypress/e2e/pages/loginPage.js:3:27)\n    at LoginPage.enterEmail (webpack://cypress_mocha_framework/./cypress/e2e/pages/loginPage.js:15:20)\n    at Context.eval (webpack://cypress_mocha_framework/./cypress/e2e/tests/orderSimsTest.cy.js:23:14)",
                "diff": null
              },
              "uuid": "dd86d215-22a7-4f43-ad81-06238b115468",
              "parentUUID": "bb93cdfa-cbea-4031-93a3-50b21da4d880",
              "isHook": false,
              "skipped": false
            }
          ],
          "suites": [],
          "passes": [],
          "failures": [
            "dd86d215-22a7-4f43-ad81-06238b115468"
          ],
          "pending": [],
          "skipped": [],
          "duration": 5742,
          "root": false,
          "rootEmpty": false,
          "_timeout": 2000
        }
      ],
      "passes": [],
      "failures": [],
      "pending": [],
      "skipped": [],
      "duration": 0,
      "root": true,
      "rootEmpty": true,
      "_timeout": 2000
    },
    {
      "uuid": "4ab3ebb8-9d4f-4b52-8f6c-ceb021165442",
      "title": "",
      "fullFile": "cypress\\e2e\\tests\\loginTest.cy.js",
      "file": "cypress\\e2e\\tests\\loginTest.cy.js",
      "beforeHooks": [],
      "afterHooks": [],
      "tests": [],
      "suites": [
        {
          "uuid": "f2551f16-905f-40dc-b08a-832753846cf4",
          "title": "Login Tests - Retail",
          "fullFile": "",
          "file": "",
          "beforeHooks": [],
          "afterHooks": [],
          "tests": [
            {
              "title": "Login with valid credentials",
              "fullTitle": "Login Tests - Retail Login with valid credentials",
              "timedOut": null,
              "duration": 13355,
              "state": "failed",
              "speed": null,
              "pass": false,
              "fail": true,
              "pending": false,
              "context": null,
              "code": "_loginPage.default.visit();\ncy.wait(5000); // wait for 2 seconds\n_loginPage.default.enterEmail(this.data.validUser.email);\n_loginPage.default.enterPassword(this.data.validUser.password);\n_loginPage.default.showPassword();\n_loginPage.default.clickSignIn();\ncy.wait(10000);\ncy.contains('Order History').should('be.visible');",
              "err": {
                "message": "AssertionError: Timed out retrying after 4000ms: Expected to find element: `input[formcontrolname=\"email\"]`, but never found it.",
                "estack": "AssertionError: Timed out retrying after 4000ms: Expected to find element: `input[formcontrolname=\"email\"]`, but never found it.\n    at Object.emailInput (webpack://cypress_mocha_framework/./cypress/e2e/pages/loginPage.js:3:27)\n    at LoginPage.enterEmail (webpack://cypress_mocha_framework/./cypress/e2e/pages/loginPage.js:15:20)\n    at Context.eval (webpack://cypress_mocha_framework/./cypress/e2e/tests/loginTest.cy.js:12:14)",
                "diff": null
              },
              "uuid": "4a967838-b9f5-4262-a693-7e6caf65504f",
              "parentUUID": "f2551f16-905f-40dc-b08a-832753846cf4",
              "isHook": false,
              "skipped": false
            },
            {
              "title": "Login fails with invalid credentials",
              "fullTitle": "Login Tests - Retail Login fails with invalid credentials",
              "timedOut": null,
              "duration": 10871,
              "state": "failed",
              "speed": null,
              "pass": false,
              "fail": true,
              "pending": false,
              "context": null,
              "code": "_loginPage.default.visit();\ncy.wait(5000); // wait for 5 seconds\n_loginPage.default.enterEmail(this.data.invalidUser.email);\n_loginPage.default.enterPassword(this.data.invalidUser.password);\n_loginPage.default.showPassword();\n_loginPage.default.clickSignIn();\ncy.contains('Invalid credentials').should('be.visible');",
              "err": {
                "message": "AssertionError: Timed out retrying after 4000ms: Expected to find element: `input[formcontrolname=\"email\"]`, but never found it.",
                "estack": "AssertionError: Timed out retrying after 4000ms: Expected to find element: `input[formcontrolname=\"email\"]`, but never found it.\n    at Object.emailInput (webpack://cypress_mocha_framework/./cypress/e2e/pages/loginPage.js:3:27)\n    at LoginPage.enterEmail (webpack://cypress_mocha_framework/./cypress/e2e/pages/loginPage.js:15:20)\n    at Context.eval (webpack://cypress_mocha_framework/./cypress/e2e/tests/loginTest.cy.js:23:14)",
                "diff": null
              },
              "uuid": "88f07898-204c-4376-8ab0-a61605fc9dde",
              "parentUUID": "f2551f16-905f-40dc-b08a-832753846cf4",
              "isHook": false,
              "skipped": false
            },
            {
              "title": "Login fails with empty email",
              "fullTitle": "Login Tests - Retail Login fails with empty email",
              "timedOut": null,
              "duration": 10014,
              "state": "failed",
              "speed": null,
              "pass": false,
              "fail": true,
              "pending": false,
              "context": null,
              "code": "_loginPage.default.visit();\ncy.wait(5000); // wait for 5 seconds\n_loginPage.default.enterEmail(this.data.emptyEmail.email);\n_loginPage.default.enterPassword(this.data.emptyEmail.password);\n_loginPage.default.clickSignIn();\ncy.contains('Not a valid email').should('be.visible');",
              "err": {
                "message": "AssertionError: Timed out retrying after 4000ms: Expected to find element: `input[formcontrolname=\"email\"]`, but never found it.",
                "estack": "AssertionError: Timed out retrying after 4000ms: Expected to find element: `input[formcontrolname=\"email\"]`, but never found it.\n    at Object.emailInput (webpack://cypress_mocha_framework/./cypress/e2e/pages/loginPage.js:3:27)\n    at LoginPage.enterEmail (webpack://cypress_mocha_framework/./cypress/e2e/pages/loginPage.js:15:20)\n    at Context.eval (webpack://cypress_mocha_framework/./cypress/e2e/tests/loginTest.cy.js:33:14)",
                "diff": null
              },
              "uuid": "99e78e0c-8665-4d46-b01f-3800906849be",
              "parentUUID": "f2551f16-905f-40dc-b08a-832753846cf4",
              "isHook": false,
              "skipped": false
            },
            {
              "title": "Login fails with empty password",
              "fullTitle": "Login Tests - Retail Login fails with empty password",
              "timedOut": null,
              "duration": 10306,
              "state": "failed",
              "speed": null,
              "pass": false,
              "fail": true,
              "pending": false,
              "context": null,
              "code": "_loginPage.default.visit();\ncy.wait(5000); // wait for 5 seconds\n_loginPage.default.enterEmail(this.data.emptyPassword.email);\n_loginPage.default.enterPassword(this.data.emptyPassword.password);\n_loginPage.default.clickSignIn();\ncy.contains('Invalid credentials. Please try again.').should('be.visible');",
              "err": {
                "message": "AssertionError: Timed out retrying after 4000ms: Expected to find element: `input[formcontrolname=\"email\"]`, but never found it.",
                "estack": "AssertionError: Timed out retrying after 4000ms: Expected to find element: `input[formcontrolname=\"email\"]`, but never found it.\n    at Object.emailInput (webpack://cypress_mocha_framework/./cypress/e2e/pages/loginPage.js:3:27)\n    at LoginPage.enterEmail (webpack://cypress_mocha_framework/./cypress/e2e/pages/loginPage.js:15:20)\n    at Context.eval (webpack://cypress_mocha_framework/./cypress/e2e/tests/loginTest.cy.js:42:16)",
                "diff": null
              },
              "uuid": "73589111-80d5-486d-9ba2-6f27734515f4",
              "parentUUID": "f2551f16-905f-40dc-b08a-832753846cf4",
              "isHook": false,
              "skipped": false
            }
          ],
          "suites": [],
          "passes": [],
          "failures": [
            "4a967838-b9f5-4262-a693-7e6caf65504f",
            "88f07898-204c-4376-8ab0-a61605fc9dde",
            "99e78e0c-8665-4d46-b01f-3800906849be",
            "73589111-80d5-486d-9ba2-6f27734515f4"
          ],
          "pending": [],
          "skipped": [],
          "duration": 44546,
          "root": false,
          "rootEmpty": false,
          "_timeout": 2000
        }
      ],
      "passes": [],
      "failures": [],
      "pending": [],
      "skipped": [],
      "duration": 0,
      "root": true,
      "rootEmpty": true,
      "_timeout": 2000
    }
  ],
  "meta": {
    "mocha": {
      "version": "7.0.1"
    },
    "mochawesome": {
      "options": {
        "quiet": false,
        "reportFilename": "mochawesome",
        "saveHtml": false,
        "saveJson": true,
        "consoleReporter": "spec",
        "useInlineDiffs": false,
        "code": true
      },
      "version": "7.1.4"
    },
    "marge": {
      "options": {
        "reportDir": "cypress/reports",
        "overwrite": false,
        "html": false,
        "json": true
      },
      "version": "6.3.2"
    }
  }
}