{
  "stats": {
    "suites": 2,
    "tests": 5,
    "passes": 4,
    "pending": 0,
    "failures": 1,
    "testsRegistered": 5,
    "passPercent": 80,
    "pendingPercent": 0,
    "other": 0,
    "hasOther": false,
    "skipped": 0,
    "hasSkipped": false,
    "start": "2025-11-17T07:30:06.087Z",
    "end": "2025-11-17T07:31:05.003Z",
    "duration": 58916
  },
  "results": [
    {
      "uuid": "57a04493-6f31-438f-98bd-387f3b8de414",
      "title": "",
      "fullFile": "cypress\\e2e\\tests\\orderSimsTest.cy.js",
      "file": "cypress\\e2e\\tests\\orderSimsTest.cy.js",
      "beforeHooks": [],
      "afterHooks": [],
      "tests": [],
      "suites": [
        {
          "uuid": "b4622307-ecb0-41d0-a9d1-9e0af18734a5",
          "title": "Order Sims - Bulk SIM Ordering",
          "fullFile": "",
          "file": "",
          "beforeHooks": [],
          "afterHooks": [],
          "tests": [
            {
              "title": "should successfully place a bulk SIM order",
              "fullTitle": "Order Sims - Bulk SIM Ordering should successfully place a bulk SIM order",
              "timedOut": null,
              "duration": 8796,
              "state": "failed",
              "speed": null,
              "pass": false,
              "fail": true,
              "pending": false,
              "context": null,
              "code": "// Step 1: Login\n_loginPage.default.visit();\n_loginPage.default.enterEmail(testData.validUser.email);\n_loginPage.default.enterPassword(testData.validUser.password);\n_loginPage.default.showPassword();\n_loginPage.default.clickSignIn();\n// Wait until dashboard visible\ncy.contains('Order History', {\n  timeout: 20000\n}).should('be.visible');\n// Step 2: Go to Order Sims page\n_orderSimsPage.default.visit();\ncy.url().should('include', '/order-sims');\n// Step 3: Fill order details\n_orderSimsPage.default.enterRetailStoreName(testData.orderSims.storeName);\n_orderSimsPage.default.enterDeliveryAddress(testData.orderSims.deliveryAddress);\n_orderSimsPage.default.enterNumberOfSims(testData.orderSims.sims);\n_orderSimsPage.default.enterMessage(testData.orderSims.message);\n// Step 4: Submit order\n_orderSimsPage.default.clickOrderSims();\ncy.wait(5000); // wait for 5 seconds for popup to appear\n// Step 5: Handle popup\n_orderSimsPage.default.verifyOrderPopupAndClose();\n// Step 6: Navigate to order history\n_orderSimsPage.default.goToOrderHistory();\n// Step 7: Verify order appears\n_orderSimsPage.default.verifyOrderInHistory(testData.orderSims.storeName, testData.orderSims.sims, testData.orderSims.status);",
              "err": {
                "message": "AssertionError: Timed out retrying after 4000ms: expected 'https://retail-staging.48.ie/' to include '/order-sims'",
                "estack": "AssertionError: Timed out retrying after 4000ms: expected 'https://retail-staging.48.ie/' to include '/order-sims'\n    at Context.eval (webpack://cypress_mocha_framework/./cypress/e2e/tests/orderSimsTest.cy.js:33:13)",
                "diff": null
              },
              "uuid": "82ac69e6-87d3-430a-86c5-97549d5d6c66",
              "parentUUID": "b4622307-ecb0-41d0-a9d1-9e0af18734a5",
              "isHook": false,
              "skipped": false
            }
          ],
          "suites": [],
          "passes": [],
          "failures": [
            "82ac69e6-87d3-430a-86c5-97549d5d6c66"
          ],
          "pending": [],
          "skipped": [],
          "duration": 8796,
          "root": false,
          "rootEmpty": false,
          "_timeout": 2000
        }
      ],
      "passes": [],
      "failures": [],
      "pending": [],
      "skipped": [],
      "duration": 0,
      "root": true,
      "rootEmpty": true,
      "_timeout": 2000
    },
    {
      "uuid": "a3d6d4c2-1813-44e6-acf5-0ad06cff7be0",
      "title": "",
      "fullFile": "cypress\\e2e\\tests\\loginTest.cy.js",
      "file": "cypress\\e2e\\tests\\loginTest.cy.js",
      "beforeHooks": [],
      "afterHooks": [],
      "tests": [],
      "suites": [
        {
          "uuid": "960ff4ea-f093-4c83-9e6b-b9fd2ee63376",
          "title": "Login Tests - Retail",
          "fullFile": "",
          "file": "",
          "beforeHooks": [],
          "afterHooks": [],
          "tests": [
            {
              "title": "Login with valid credentials",
              "fullTitle": "Login Tests - Retail Login with valid credentials",
              "timedOut": null,
              "duration": 22281,
              "state": "passed",
              "speed": "slow",
              "pass": true,
              "fail": false,
              "pending": false,
              "context": null,
              "code": "_loginPage.default.visit();\ncy.wait(5000); // wait for 2 seconds\n_loginPage.default.enterEmail(this.data.validUser.email);\n_loginPage.default.enterPassword(this.data.validUser.password);\n_loginPage.default.showPassword();\n_loginPage.default.clickSignIn();\ncy.wait(10000);\ncy.contains('Order History').should('be.visible');",
              "err": {},
              "uuid": "ee0d2724-6096-492f-990d-354986c700af",
              "parentUUID": "960ff4ea-f093-4c83-9e6b-b9fd2ee63376",
              "isHook": false,
              "skipped": false
            },
            {
              "title": "Login fails with invalid credentials",
              "fullTitle": "Login Tests - Retail Login fails with invalid credentials",
              "timedOut": null,
              "duration": 8628,
              "state": "passed",
              "speed": "medium",
              "pass": true,
              "fail": false,
              "pending": false,
              "context": null,
              "code": "_loginPage.default.visit();\ncy.wait(5000); // wait for 5 seconds\n_loginPage.default.enterEmail(this.data.invalidUser.email);\n_loginPage.default.enterPassword(this.data.invalidUser.password);\n_loginPage.default.showPassword();\n_loginPage.default.clickSignIn();\ncy.contains('Invalid credentials. Please try again.').should('be.visible');",
              "err": {},
              "uuid": "f5b98193-8058-457b-bfad-d65d2448e9a3",
              "parentUUID": "960ff4ea-f093-4c83-9e6b-b9fd2ee63376",
              "isHook": false,
              "skipped": false
            },
            {
              "title": "Login fails with empty email",
              "fullTitle": "Login Tests - Retail Login fails with empty email",
              "timedOut": null,
              "duration": 7409,
              "state": "passed",
              "speed": "medium",
              "pass": true,
              "fail": false,
              "pending": false,
              "context": null,
              "code": "_loginPage.default.visit();\ncy.wait(5000); // wait for 5 seconds\n_loginPage.default.enterEmail(this.data.emptyEmail.email);\n_loginPage.default.enterPassword(this.data.emptyEmail.password);\n_loginPage.default.clickSignIn();\ncy.contains('Email is required').should('be.visible');",
              "err": {},
              "uuid": "991481fa-d9c2-4281-a74d-0487fe690cfd",
              "parentUUID": "960ff4ea-f093-4c83-9e6b-b9fd2ee63376",
              "isHook": false,
              "skipped": false
            },
            {
              "title": "Login fails with empty password",
              "fullTitle": "Login Tests - Retail Login fails with empty password",
              "timedOut": null,
              "duration": 6425,
              "state": "passed",
              "speed": "medium",
              "pass": true,
              "fail": false,
              "pending": false,
              "context": null,
              "code": "_loginPage.default.visit();\ncy.wait(5000); // wait for 5 seconds\n_loginPage.default.enterEmail(this.data.emptyPassword.email);\n_loginPage.default.enterPassword(this.data.emptyPassword.password);\n_loginPage.default.clickSignIn();\ncy.contains('Password is required').should('be.visible');",
              "err": {},
              "uuid": "a127aa1f-43ea-469d-ac54-cef5f7cea753",
              "parentUUID": "960ff4ea-f093-4c83-9e6b-b9fd2ee63376",
              "isHook": false,
              "skipped": false
            }
          ],
          "suites": [],
          "passes": [
            "ee0d2724-6096-492f-990d-354986c700af",
            "f5b98193-8058-457b-bfad-d65d2448e9a3",
            "991481fa-d9c2-4281-a74d-0487fe690cfd",
            "a127aa1f-43ea-469d-ac54-cef5f7cea753"
          ],
          "failures": [],
          "pending": [],
          "skipped": [],
          "duration": 44743,
          "root": false,
          "rootEmpty": false,
          "_timeout": 2000
        }
      ],
      "passes": [],
      "failures": [],
      "pending": [],
      "skipped": [],
      "duration": 0,
      "root": true,
      "rootEmpty": true,
      "_timeout": 2000
    }
  ],
  "meta": {
    "mocha": {
      "version": "7.0.1"
    },
    "mochawesome": {
      "options": {
        "quiet": false,
        "reportFilename": "mochawesome",
        "saveHtml": false,
        "saveJson": true,
        "consoleReporter": "spec",
        "useInlineDiffs": false,
        "code": true
      },
      "version": "7.1.4"
    },
    "marge": {
      "options": {
        "reportDir": "cypress/reports",
        "overwrite": false,
        "html": false,
        "json": true
      },
      "version": "6.3.2"
    }
  }
}