{
  "stats": {
    "suites": 3,
    "tests": 18,
    "passes": 17,
    "pending": 0,
    "failures": 1,
    "testsRegistered": 18,
    "passPercent": 94.44444444444444,
    "pendingPercent": 0,
    "other": 0,
    "hasOther": false,
    "skipped": 0,
    "hasSkipped": false,
    "start": "2026-01-05T07:34:45.866Z",
    "end": "2026-01-05T07:37:10.016Z",
    "duration": 144150
  },
  "results": [
    {
      "uuid": "b7e2bded-b73d-4f40-8de9-de16a3159d41",
      "title": "",
      "fullFile": "cypress\\e2e\\tests\\loginTest.cy.js",
      "file": "cypress\\e2e\\tests\\loginTest.cy.js",
      "beforeHooks": [],
      "afterHooks": [],
      "tests": [],
      "suites": [
        {
          "uuid": "8340b839-178e-4f2f-8ac2-228183a4b1b6",
          "title": "Login Tests - Retail",
          "fullFile": "",
          "file": "",
          "beforeHooks": [],
          "afterHooks": [],
          "tests": [
            {
              "title": "Login with valid credentials",
              "fullTitle": "Login Tests - Retail Login with valid credentials",
              "timedOut": null,
              "duration": 20901,
              "state": "passed",
              "speed": "slow",
              "pass": true,
              "fail": false,
              "pending": false,
              "context": null,
              "code": "_loginPage.default.visit();\ncy.wait(5000); // wait for 2 seconds\n_loginPage.default.enterEmail(this.data.validUser.email);\n_loginPage.default.enterPassword(this.data.validUser.password);\n_loginPage.default.showPassword();\n_loginPage.default.clickSignIn();\ncy.wait(10000);\ncy.contains('Order History').should('be.visible');",
              "err": {},
              "uuid": "81a7f158-0ec2-4f39-8953-38845ca0f117",
              "parentUUID": "8340b839-178e-4f2f-8ac2-228183a4b1b6",
              "isHook": false,
              "skipped": false
            },
            {
              "title": "Login fails with invalid credentials",
              "fullTitle": "Login Tests - Retail Login fails with invalid credentials",
              "timedOut": null,
              "duration": 7544,
              "state": "passed",
              "speed": "medium",
              "pass": true,
              "fail": false,
              "pending": false,
              "context": null,
              "code": "_loginPage.default.visit();\ncy.wait(5000); // wait for 5 seconds\n_loginPage.default.enterEmail(this.data.invalidUser.email);\n_loginPage.default.enterPassword(this.data.invalidUser.password);\n_loginPage.default.showPassword();\n_loginPage.default.clickSignIn();\ncy.contains('Invalid credentials. Please try again.').should('be.visible');",
              "err": {},
              "uuid": "7c457f36-d399-4e33-9c59-763a25f6450b",
              "parentUUID": "8340b839-178e-4f2f-8ac2-228183a4b1b6",
              "isHook": false,
              "skipped": false
            },
            {
              "title": "Login fails with empty email",
              "fullTitle": "Login Tests - Retail Login fails with empty email",
              "timedOut": null,
              "duration": 6571,
              "state": "passed",
              "speed": "medium",
              "pass": true,
              "fail": false,
              "pending": false,
              "context": null,
              "code": "_loginPage.default.visit();\ncy.wait(5000); // wait for 5 seconds\n_loginPage.default.enterEmail(this.data.emptyEmail.email);\n_loginPage.default.enterPassword(this.data.emptyEmail.password);\n_loginPage.default.clickSignIn();\ncy.contains('Email is required').should('be.visible');",
              "err": {},
              "uuid": "6df3ce09-64d2-4038-8fc4-7f290db61112",
              "parentUUID": "8340b839-178e-4f2f-8ac2-228183a4b1b6",
              "isHook": false,
              "skipped": false
            },
            {
              "title": "Login fails with empty password",
              "fullTitle": "Login Tests - Retail Login fails with empty password",
              "timedOut": null,
              "duration": 6968,
              "state": "passed",
              "speed": "medium",
              "pass": true,
              "fail": false,
              "pending": false,
              "context": null,
              "code": "_loginPage.default.visit();\ncy.wait(5000); // wait for 5 seconds\n_loginPage.default.enterEmail(this.data.emptyPassword.email);\n_loginPage.default.enterPassword(this.data.emptyPassword.password);\n_loginPage.default.clickSignIn();\ncy.contains('Password is required').should('be.visible');",
              "err": {},
              "uuid": "f9366cae-bc7c-4649-b6d1-89378a6531dd",
              "parentUUID": "8340b839-178e-4f2f-8ac2-228183a4b1b6",
              "isHook": false,
              "skipped": false
            }
          ],
          "suites": [],
          "passes": [
            "81a7f158-0ec2-4f39-8953-38845ca0f117",
            "7c457f36-d399-4e33-9c59-763a25f6450b",
            "6df3ce09-64d2-4038-8fc4-7f290db61112",
            "f9366cae-bc7c-4649-b6d1-89378a6531dd"
          ],
          "failures": [],
          "pending": [],
          "skipped": [],
          "duration": 41984,
          "root": false,
          "rootEmpty": false,
          "_timeout": 2000
        }
      ],
      "passes": [],
      "failures": [],
      "pending": [],
      "skipped": [],
      "duration": 0,
      "root": true,
      "rootEmpty": true,
      "_timeout": 2000
    },
    {
      "uuid": "76b1661f-5360-4ab8-b42e-ddf4e7d00656",
      "title": "",
      "fullFile": "cypress\\e2e\\tests\\orderHistoryTest.cy.js",
      "file": "cypress\\e2e\\tests\\orderHistoryTest.cy.js",
      "beforeHooks": [],
      "afterHooks": [],
      "tests": [],
      "suites": [
        {
          "uuid": "aaf80d88-37e2-4c11-ba56-472daef9a6a8",
          "title": "🧩 Order History Module - Functional Test Suite",
          "fullFile": "",
          "file": "",
          "beforeHooks": [],
          "afterHooks": [],
          "tests": [
            {
              "title": "RSO_FT_22 – Verify navigation to Order History page",
              "fullTitle": "🧩 Order History Module - Functional Test Suite RSO_FT_22 – Verify navigation to Order History page",
              "timedOut": null,
              "duration": 3650,
              "state": "passed",
              "speed": "fast",
              "pass": true,
              "fail": false,
              "pending": false,
              "context": null,
              "code": "_orderHistoryPage.default.navigate();\ncy.url().should('include', '/order-history');\n_orderHistoryPage.default.elements.pageTitle().should('contain.text', 'Order History');\ncy.log('✅ User successfully navigated to the Order History page');",
              "err": {},
              "uuid": "45bef479-d9a1-4180-8886-cfe32f0b503c",
              "parentUUID": "aaf80d88-37e2-4c11-ba56-472daef9a6a8",
              "isHook": false,
              "skipped": false
            },
            {
              "title": "RSO_FT_23 – Verify page shows no order history when no data available",
              "fullTitle": "🧩 Order History Module - Functional Test Suite RSO_FT_23 – Verify page shows no order history when no data available",
              "timedOut": null,
              "duration": 3605,
              "state": "passed",
              "speed": "fast",
              "pass": true,
              "fail": false,
              "pending": false,
              "context": null,
              "code": "_orderHistoryPage.default.navigate();\ncy.wait(1000);\n_orderHistoryPage.default.elements.tableRows().then($rows => {\n  if ($rows.length === 0) {\n    cy.log('⚠️ No orders present for this user.');\n    _orderHistoryPage.default.elements.noDataMessage().should('exist');\n  } else {\n    cy.log('✅ User has existing order history; skipping empty state validation.');\n  }\n});",
              "err": {},
              "uuid": "c889e349-d781-4302-94f9-c9e55b9d4037",
              "parentUUID": "aaf80d88-37e2-4c11-ba56-472daef9a6a8",
              "isHook": false,
              "skipped": false
            },
            {
              "title": "RSO_FT_24 – Verify Order History table structure and contents",
              "fullTitle": "🧩 Order History Module - Functional Test Suite RSO_FT_24 – Verify Order History table structure and contents",
              "timedOut": null,
              "duration": 3846,
              "state": "passed",
              "speed": "fast",
              "pass": true,
              "fail": false,
              "pending": false,
              "context": null,
              "code": "_orderHistoryPage.default.navigate();\n_orderHistoryPage.default.verifyTableHeaders();\ncy.wait(1000);\n_orderHistoryPage.default.elements.tableRows().then($rows => {\n  if ($rows.length > 0) {\n    _orderHistoryPage.default.verifyOrderPresence();\n  } else {\n    cy.log('⚠️ No order data to validate.');\n  }\n});",
              "err": {},
              "uuid": "0148f46e-05f4-44c9-b26a-e0433ae559c7",
              "parentUUID": "aaf80d88-37e2-4c11-ba56-472daef9a6a8",
              "isHook": false,
              "skipped": false
            },
            {
              "title": "RSO_FT_25 – Verify Order Details popup when clicking ID",
              "fullTitle": "🧩 Order History Module - Functional Test Suite RSO_FT_25 – Verify Order Details popup when clicking ID",
              "timedOut": null,
              "duration": 3539,
              "state": "passed",
              "speed": "fast",
              "pass": true,
              "fail": false,
              "pending": false,
              "context": null,
              "code": "_orderHistoryPage.default.navigate();\ncy.wait(1000);\n_orderHistoryPage.default.elements.tableRows().then($rows => {\n  if ($rows.length > 0) {\n    _orderHistoryPage.default.openOrderDetailsPopup();\n  } else {\n    cy.log('⚠️ No order data to open popup.');\n  }\n});",
              "err": {},
              "uuid": "8f645694-4fe8-4a26-bf3e-1929583c9cf5",
              "parentUUID": "aaf80d88-37e2-4c11-ba56-472daef9a6a8",
              "isHook": false,
              "skipped": false
            },
            {
              "title": "RSO_FT_26 – Verify search by Order ID",
              "fullTitle": "🧩 Order History Module - Functional Test Suite RSO_FT_26 – Verify search by Order ID",
              "timedOut": null,
              "duration": 4861,
              "state": "passed",
              "speed": "fast",
              "pass": true,
              "fail": false,
              "pending": false,
              "context": null,
              "code": "_orderHistoryPage.default.navigate();\nconst orderId = testData.orderHistory.validOrder.id;\ncy.log(`🔍 Searching for Order ID: ${orderId}`);\n_orderHistoryPage.default.searchAndVerify(orderId);",
              "err": {},
              "uuid": "8f4789a5-a078-4244-8add-af5a21585259",
              "parentUUID": "aaf80d88-37e2-4c11-ba56-472daef9a6a8",
              "isHook": false,
              "skipped": false
            },
            {
              "title": "RSO_FT_27 – Verify search by Address",
              "fullTitle": "🧩 Order History Module - Functional Test Suite RSO_FT_27 – Verify search by Address",
              "timedOut": null,
              "duration": 3926,
              "state": "passed",
              "speed": "fast",
              "pass": true,
              "fail": false,
              "pending": false,
              "context": null,
              "code": "_orderHistoryPage.default.navigate();\nconst address = testData.orderHistory.validOrder.address;\ncy.log(`🔍 Searching for Address: ${address}`);\n_orderHistoryPage.default.searchAndVerify(address);",
              "err": {},
              "uuid": "7aea59a1-0b46-469e-9649-401293ab31f5",
              "parentUUID": "aaf80d88-37e2-4c11-ba56-472daef9a6a8",
              "isHook": false,
              "skipped": false
            },
            {
              "title": "RSO_FT_28 – Verify search by Store Name",
              "fullTitle": "🧩 Order History Module - Functional Test Suite RSO_FT_28 – Verify search by Store Name",
              "timedOut": null,
              "duration": 5378,
              "state": "passed",
              "speed": "medium",
              "pass": true,
              "fail": false,
              "pending": false,
              "context": null,
              "code": "_orderHistoryPage.default.navigate();\nconst storeName = testData.orderHistory.validOrder.storeName;\ncy.log(`🔍 Searching for Store Name: ${storeName}`);\n_orderHistoryPage.default.searchAndVerify(storeName);",
              "err": {},
              "uuid": "7ffdb2e9-f441-4996-8464-16729b019a1a",
              "parentUUID": "aaf80d88-37e2-4c11-ba56-472daef9a6a8",
              "isHook": false,
              "skipped": false
            },
            {
              "title": "RSO_FT_29 – Verify search by Date",
              "fullTitle": "🧩 Order History Module - Functional Test Suite RSO_FT_29 – Verify search by Date",
              "timedOut": null,
              "duration": 4997,
              "state": "passed",
              "speed": "fast",
              "pass": true,
              "fail": false,
              "pending": false,
              "context": null,
              "code": "_orderHistoryPage.default.navigate();\nconst date = testData.orderHistory.validOrder.date;\ncy.log(`🔍 Searching for Date: ${date}`);\n_orderHistoryPage.default.searchAndVerify(date);",
              "err": {},
              "uuid": "a35d91aa-c708-463f-99cd-93a6819f8227",
              "parentUUID": "aaf80d88-37e2-4c11-ba56-472daef9a6a8",
              "isHook": false,
              "skipped": false
            }
          ],
          "suites": [],
          "passes": [
            "45bef479-d9a1-4180-8886-cfe32f0b503c",
            "c889e349-d781-4302-94f9-c9e55b9d4037",
            "0148f46e-05f4-44c9-b26a-e0433ae559c7",
            "8f645694-4fe8-4a26-bf3e-1929583c9cf5",
            "8f4789a5-a078-4244-8add-af5a21585259",
            "7aea59a1-0b46-469e-9649-401293ab31f5",
            "7ffdb2e9-f441-4996-8464-16729b019a1a",
            "a35d91aa-c708-463f-99cd-93a6819f8227"
          ],
          "failures": [],
          "pending": [],
          "skipped": [],
          "duration": 33802,
          "root": false,
          "rootEmpty": false,
          "_timeout": 2000
        }
      ],
      "passes": [],
      "failures": [],
      "pending": [],
      "skipped": [],
      "duration": 0,
      "root": true,
      "rootEmpty": true,
      "_timeout": 2000
    },
    {
      "uuid": "be905abc-a9a5-4797-8cbe-5c01f1bcb93b",
      "title": "",
      "fullFile": "cypress\\e2e\\tests\\orderSimsTest.cy.js",
      "file": "cypress\\e2e\\tests\\orderSimsTest.cy.js",
      "beforeHooks": [],
      "afterHooks": [],
      "tests": [],
      "suites": [
        {
          "uuid": "01d5e095-1bd6-48d0-a272-de37a35e9fed",
          "title": "Order Sims Module - Functional Test Suite",
          "fullFile": "",
          "file": "",
          "beforeHooks": [],
          "afterHooks": [],
          "tests": [
            {
              "title": "RSO_FT_14 – Verify navigation to Order Sims page after sign in",
              "fullTitle": "Order Sims Module - Functional Test Suite RSO_FT_14 – Verify navigation to Order Sims page after sign in",
              "timedOut": null,
              "duration": 3567,
              "state": "passed",
              "speed": "fast",
              "pass": true,
              "fail": false,
              "pending": false,
              "context": null,
              "code": "cy.log('🧭 Navigating to Order Sims page...');\n_orderSimsPage.default.visit();\ncy.url().should('include', '/order-sims');\ncy.contains('Order SIMs').should('be.visible');\ncy.log('✅ User successfully navigated to Order Sims page after login');",
              "err": {},
              "uuid": "5f958ce5-4a8e-4d70-a488-3200aa7511cc",
              "parentUUID": "01d5e095-1bd6-48d0-a272-de37a35e9fed",
              "isHook": false,
              "skipped": false
            },
            {
              "title": "RSO_FT_15 – Verify placing a valid bulk SIM order (<999)",
              "fullTitle": "Order Sims Module - Functional Test Suite RSO_FT_15 – Verify placing a valid bulk SIM order (<999)",
              "timedOut": null,
              "duration": 10076,
              "state": "passed",
              "speed": "slow",
              "pass": true,
              "fail": false,
              "pending": false,
              "context": null,
              "code": "_orderSimsPage.default.visit();\n_orderSimsPage.default.enterRetailStoreName(testData.orderSims.storeName);\n_orderSimsPage.default.enterDeliveryAddress(testData.orderSims.deliveryAddress);\n_orderSimsPage.default.enterNumberOfSims(testData.orderSims.sims); // e.g. 100\n_orderSimsPage.default.enterMessage(testData.orderSims.message);\n_orderSimsPage.default.clickOrderSims();\n_orderSimsPage.default.verifyOrderPopupAndClose();\ncy.get('#orderModal', {\n  timeout: 10000\n}).should('not.exist');\ncy.log('✅ Bulk SIM order placed successfully');",
              "err": {},
              "uuid": "08c891e4-eb05-4c26-8fd3-f6a05be29370",
              "parentUUID": "01d5e095-1bd6-48d0-a272-de37a35e9fed",
              "isHook": false,
              "skipped": false
            },
            {
              "title": "RSO_FT_16 – Verify placing bulk SIM order of 999",
              "fullTitle": "Order Sims Module - Functional Test Suite RSO_FT_16 – Verify placing bulk SIM order of 999",
              "timedOut": null,
              "duration": 9456,
              "state": "passed",
              "speed": "medium",
              "pass": true,
              "fail": false,
              "pending": false,
              "context": null,
              "code": "_orderSimsPage.default.visit();\n_orderSimsPage.default.enterRetailStoreName(testData.orderSims.storeName);\n_orderSimsPage.default.enterDeliveryAddress(testData.orderSims.deliveryAddress);\n_orderSimsPage.default.enterNumberOfSims(500);\n_orderSimsPage.default.enterMessage('Placing max allowed 500 SIMs');\n_orderSimsPage.default.clickOrderSims();\n_orderSimsPage.default.verifyOrderPopupAndClose();\ncy.get('#orderModal', {\n  timeout: 10000\n}).should('not.exist');\ncy.log('✅ Order for 999 SIMs placed successfully');",
              "err": {},
              "uuid": "3bd84699-7429-4952-a3a6-77cfc77e2408",
              "parentUUID": "01d5e095-1bd6-48d0-a272-de37a35e9fed",
              "isHook": false,
              "skipped": false
            },
            {
              "title": "RSO_FT_17 – Verify error message for SIM order >999",
              "fullTitle": "Order Sims Module - Functional Test Suite RSO_FT_17 – Verify error message for SIM order >999",
              "timedOut": null,
              "duration": 6958,
              "state": "passed",
              "speed": "medium",
              "pass": true,
              "fail": false,
              "pending": false,
              "context": null,
              "code": "_orderSimsPage.default.visit();\n_orderSimsPage.default.enterRetailStoreName(testData.orderSims.storeName);\n_orderSimsPage.default.enterDeliveryAddress(testData.orderSims.deliveryAddress);\n_orderSimsPage.default.enterNumberOfSims(1000); // trigger max-limit validation\n_orderSimsPage.default.elements.numberOfSimsInput().blur(); // ✅ FIXED\n_orderSimsPage.default.verifySimValidationMessage('must be at most 999');",
              "err": {},
              "uuid": "799884b4-2641-40e1-ae48-c30bb27f16b9",
              "parentUUID": "01d5e095-1bd6-48d0-a272-de37a35e9fed",
              "isHook": false,
              "skipped": false
            },
            {
              "title": "RSO_FT_19 – Validation for invalid and blank values in Number of SIMs field",
              "fullTitle": "Order Sims Module - Functional Test Suite RSO_FT_19 – Validation for invalid and blank values in Number of SIMs field",
              "timedOut": null,
              "duration": 18946,
              "state": "passed",
              "speed": "slow",
              "pass": true,
              "fail": false,
              "pending": false,
              "context": null,
              "code": "const invalidValues = [{\n  input: '',\n  expected: 'Number of sims is required'\n},\n// use '' instead of null/space\n{\n  input: ' ',\n  expected: 'must be a number'\n}, {\n  input: '@@@',\n  expected: 'must be a number'\n}, {\n  input: 'abc',\n  expected: 'must be a number'\n}, {\n  input: '50xyz',\n  expected: 'must be a number'\n}];\ninvalidValues.forEach(({\n  input,\n  expected\n}) => {\n  _orderSimsPage.default.visit();\n  cy.log(`🧪 Testing invalid SIM count: \"${input}\" expecting: \"${expected}\"`);\n  _orderSimsPage.default.enterRetailStoreName(testData.orderSims.storeName);\n  _orderSimsPage.default.enterDeliveryAddress(testData.orderSims.deliveryAddress);\n  // Clear field before typing\n  _orderSimsPage.default.elements.numberOfSimsInput().clear();\n  if (input) {\n    _orderSimsPage.default.enterNumberOfSims(input);\n  }\n  // Explicitly trigger blur event\n  _orderSimsPage.default.elements.numberOfSimsInput().blur();\n  // Optionally, click somewhere else to confirm Angular validation renders\n  _orderSimsPage.default.elements.messageInput().click({\n    force: true\n  });\n  // Now verify the validation message\n  _orderSimsPage.default.verifySimValidationMessage(expected);\n});",
              "err": {},
              "uuid": "2c277a62-9cf7-4185-b2af-1b14b4c09da1",
              "parentUUID": "01d5e095-1bd6-48d0-a272-de37a35e9fed",
              "isHook": false,
              "skipped": false
            },
            {
              "title": "RSO_FT_18 – Verify placed order appears in Order History (from latest valid order)",
              "fullTitle": "Order Sims Module - Functional Test Suite RSO_FT_18 – Verify placed order appears in Order History (from latest valid order)",
              "timedOut": null,
              "duration": 2787,
              "state": "failed",
              "speed": null,
              "pass": false,
              "fail": true,
              "pending": false,
              "context": null,
              "code": "_orderSimsPage.default.goToOrderHistory();\ncy.url().should('include', '/order-history');\n_orderSimsPage.default.verifyOrderInHistory(testData.orderSims.storeName, testData.orderSims.sims, testData.orderSims.status);\ncy.log('✅ Verified latest order present in Order History');",
              "err": {
                "message": "CypressError: `cy.click()` can only be called on a single element. Your subject contained 2 elements. Pass `{ multiple: true }` if you want to serially click each element.\n\nhttps://on.cypress.io/click",
                "estack": "CypressError: `cy.click()` can only be called on a single element. Your subject contained 2 elements. Pass `{ multiple: true }` if you want to serially click each element.\n\nhttps://on.cypress.io/click\n    at mouseAction (https://retail-staging.48.ie/__cypress/runner/cypress_runner.js:112508:68)\n    at Context.click (https://retail-staging.48.ie/__cypress/runner/cypress_runner.js:112675:14)\n    at wrapped (https://retail-staging.48.ie/__cypress/runner/cypress_runner.js:138092:19)\nFrom Your Spec Code:\n    at OrderSimsPage.goToOrderHistory (webpack://cypress_mocha_framework/./cypress/e2e/pages/orderSimsPage.js:145:7)\n    at Context.eval (webpack://cypress_mocha_framework/./cypress/e2e/tests/orderSimsTest.cy.js:118:18)",
                "diff": null
              },
              "uuid": "ef6f50dc-00c9-42de-9119-906d104b7ccf",
              "parentUUID": "01d5e095-1bd6-48d0-a272-de37a35e9fed",
              "isHook": false,
              "skipped": false
            }
          ],
          "suites": [],
          "passes": [
            "5f958ce5-4a8e-4d70-a488-3200aa7511cc",
            "08c891e4-eb05-4c26-8fd3-f6a05be29370",
            "3bd84699-7429-4952-a3a6-77cfc77e2408",
            "799884b4-2641-40e1-ae48-c30bb27f16b9",
            "2c277a62-9cf7-4185-b2af-1b14b4c09da1"
          ],
          "failures": [
            "ef6f50dc-00c9-42de-9119-906d104b7ccf"
          ],
          "pending": [],
          "skipped": [],
          "duration": 51790,
          "root": false,
          "rootEmpty": false,
          "_timeout": 2000
        }
      ],
      "passes": [],
      "failures": [],
      "pending": [],
      "skipped": [],
      "duration": 0,
      "root": true,
      "rootEmpty": true,
      "_timeout": 2000
    }
  ],
  "meta": {
    "mocha": {
      "version": "7.0.1"
    },
    "mochawesome": {
      "options": {
        "quiet": false,
        "reportFilename": "mochawesome",
        "saveHtml": false,
        "saveJson": true,
        "consoleReporter": "spec",
        "useInlineDiffs": false,
        "code": true
      },
      "version": "7.1.4"
    },
    "marge": {
      "options": {
        "reportDir": "cypress/reports",
        "overwrite": false,
        "html": false,
        "json": true
      },
      "version": "6.3.2"
    }
  }
}